#
# There is insufficient memory for the Java Runtime Environment to continue.
# Native memory allocation (mmap) failed to map 65536 bytes for Failed to commit metaspace.
# Possible reasons:
#   The system is out of physical RAM or swap space
#   The process is running with CompressedOops enabled, and the Java Heap may be blocking the growth of the native heap
# Possible solutions:
#   Reduce memory load on the system
#   Increase physical memory or swap space
#   Check if swap backing store is full
#   Decrease Java heap size (-Xmx/-Xms)
#   Decrease number of Java threads
#   Decrease Java thread stack sizes (-Xss)
#   Set larger code cache with -XX:ReservedCodeCacheSize=
#   JVM is running with Zero Based Compressed Oops mode in which the Java heap is
#     placed in the first 32GB address space. The Java Heap base address is the
#     maximum limit for the native heap growth. Please use -XX:HeapBaseMinAddress
#     to set the Java Heap base and to place the Java Heap above 32GB virtual address.
# This output file may be truncated or incomplete.
#
#  Out of Memory Error (virtualSpaceNode.cpp:110), pid=15372, tid=9928
#
# JRE version: OpenJDK Runtime Environment Corretto-17.0.7.7.1 (17.0.7+7) (build 17.0.7+7-LTS)
# Java VM: OpenJDK 64-Bit Server VM Corretto-17.0.7.7.1 (17.0.7+7-LTS, mixed mode, sharing, tiered, compressed oops, compressed class ptrs, g1 gc, windows-amd64)
# No core dump will be written. Minidumps are not enabled by default on client versions of Windows
#

---------------  S U M M A R Y ------------

Command Line: -ea -Didea.test.cyclic.buffer.size=1048576 -javaagent:C:\Program Files\JetBrains\IntelliJ IDEA Community Edition 2023.3.3\lib\idea_rt.jar=54774:C:\Program Files\JetBrains\IntelliJ IDEA Community Edition 2023.3.3\bin -Dfile.encoding=UTF-8 com.intellij.rt.testng.RemoteTestNGStarter -usedefaultlisteners false -socket54773 @w@C:\Users\iylia\AppData\Local\Temp\idea_working_dirs_testng.tmp -temp C:\Users\iylia\AppData\Local\Temp\idea_testng.tmp

Host: Intel(R) Core(TM) i5-3230M CPU @ 2.60GHz, 4 cores, 11G,  Windows 10 , 64 bit Build 19041 (10.0.19041.5072)
Time: Thu Nov 28 15:51:51 2024  Windows 10 , 64 bit Build 19041 (10.0.19041.5072) elapsed time: 0.691550 seconds (0d 0h 0m 0s)

---------------  T H R E A D  ---------------

Current thread (0x000001d1cda04230):  JavaThread "main" [_thread_in_vm, id=9928, stack(0x00000056ec800000,0x00000056ec900000)]

Stack: [0x00000056ec800000,0x00000056ec900000]
Native frames: (J=compiled Java code, j=interpreted, Vv=VM code, C=native code)
V  [jvm.dll+0x64b53a]
V  [jvm.dll+0x7fef54]
V  [jvm.dll+0x80070e]
V  [jvm.dll+0x800d63]
V  [jvm.dll+0x236a2b]
V  [jvm.dll+0x7fb02b]
V  [jvm.dll+0x5f27d6]
V  [jvm.dll+0x5f283a]
V  [jvm.dll+0x5f4f58]
V  [jvm.dll+0x5f318d]
V  [jvm.dll+0x22c5f3]
V  [jvm.dll+0x1ded3e]
V  [jvm.dll+0x1d4ea9]
V  [jvm.dll+0x519cf0]
V  [jvm.dll+0x1e4fc7]
V  [jvm.dll+0x77cb82]
V  [jvm.dll+0x77dea1]
V  [jvm.dll+0x77e1d8]
V  [jvm.dll+0x22ee6a]
V  [jvm.dll+0x36bcde]
C  0x000001d1dca5b684

Java frames: (J=compiled Java code, j=interpreted, Vv=VM code)
j  java.lang.Class.createAnnotationData(I)Ljava/lang/Class$AnnotationData;+183 java.base@17.0.7
j  java.lang.Class.annotationData()Ljava/lang/Class$AnnotationData;+26 java.base@17.0.7
j  java.lang.Class.createAnnotationData(I)Ljava/lang/Class$AnnotationData;+26 java.base@17.0.7
j  java.lang.Class.annotationData()Ljava/lang/Class$AnnotationData;+26 java.base@17.0.7
j  java.lang.Class.getAnnotation(Ljava/lang/Class;)Ljava/lang/annotation/Annotation;+6 java.base@17.0.7
j  com.beust.jcommander.ParameterDescription.findResourceBundle(Ljava/lang/Object;)Ljava/util/ResourceBundle;+8
j  com.beust.jcommander.ParameterDescription.init(Ljava/lang/Object;Lcom/beust/jcommander/Parameterized;Ljava/util/ResourceBundle;Lcom/beust/jcommander/JCommander;)V+25
j  com.beust.jcommander.ParameterDescription.<init>(Ljava/lang/Object;Lcom/beust/jcommander/Parameter;Lcom/beust/jcommander/Parameterized;Ljava/util/ResourceBundle;Lcom/beust/jcommander/JCommander;)V+42
j  com.beust.jcommander.JCommander.addDescription(Ljava/lang/Object;)V+218
j  com.beust.jcommander.JCommander.createDescriptions()V+35
j  com.beust.jcommander.JCommander.<init>(Ljava/lang/Object;Ljava/util/ResourceBundle;[Ljava/lang/String;)V+19
j  com.beust.jcommander.JCommander.<init>(Ljava/lang/Object;Ljava/util/ResourceBundle;)V+7
j  com.beust.jcommander.JCommander.<init>(Ljava/lang/Object;)V+6
j  com.beust.jcommander.JCommander.<init>(Ljava/lang/Object;[Ljava/lang/String;)V+2
j  com.intellij.rt.testng.RemoteTestNGStarter.main([Ljava/lang/String;)V+535
v  ~StubRoutines::call_stub

---------------  P R O C E S S  ---------------

Threads class SMR info:
_java_thread_list=0x000001d1f22d02c0, length=14, elements={
0x000001d1cda04230, 0x000001d1eda97a00, 0x000001d1eda99010, 0x000001d1edab07e0,
0x000001d1edab1ba0, 0x000001d1edab4d00, 0x000001d1edab7e60, 0x000001d1edabe3c0,
0x000001d1edac3d90, 0x000001d1edac66a0, 0x000001d1f20abb50, 0x000001d1f214d300,
0x000001d1f214d7d0, 0x000001d1f2371370
}

Java Threads: ( => current thread )
=>0x000001d1cda04230 JavaThread "main" [_thread_in_vm, id=9928, stack(0x00000056ec800000,0x00000056ec900000)]
  0x000001d1eda97a00 JavaThread "Reference Handler" daemon [_thread_blocked, id=6748, stack(0x00000056ecf00000,0x00000056ed000000)]
  0x000001d1eda99010 JavaThread "Finalizer" daemon [_thread_blocked, id=9512, stack(0x00000056ed000000,0x00000056ed100000)]
  0x000001d1edab07e0 JavaThread "Signal Dispatcher" daemon [_thread_blocked, id=2904, stack(0x00000056ed100000,0x00000056ed200000)]
  0x000001d1edab1ba0 JavaThread "Attach Listener" daemon [_thread_blocked, id=17448, stack(0x00000056ed200000,0x00000056ed300000)]
  0x000001d1edab4d00 JavaThread "Service Thread" daemon [_thread_blocked, id=19380, stack(0x00000056ed300000,0x00000056ed400000)]
  0x000001d1edab7e60 JavaThread "Monitor Deflation Thread" daemon [_thread_blocked, id=3012, stack(0x00000056ed400000,0x00000056ed500000)]
  0x000001d1edabe3c0 JavaThread "C2 CompilerThread0" daemon [_thread_blocked, id=18612, stack(0x00000056ed500000,0x00000056ed600000)]
  0x000001d1edac3d90 JavaThread "C1 CompilerThread0" daemon [_thread_blocked, id=3384, stack(0x00000056ed600000,0x00000056ed700000)]
  0x000001d1edac66a0 JavaThread "Sweeper thread" daemon [_thread_blocked, id=14228, stack(0x00000056ed700000,0x00000056ed800000)]
  0x000001d1f20abb50 JavaThread "Common-Cleaner" daemon [_thread_blocked, id=12640, stack(0x00000056ed800000,0x00000056ed900000)]
  0x000001d1f214d300 JavaThread "Monitor Ctrl-Break" daemon [_thread_in_native, id=13080, stack(0x00000056ed900000,0x00000056eda00000)]
  0x000001d1f214d7d0 JavaThread "Notification Thread" daemon [_thread_blocked, id=252, stack(0x00000056eda00000,0x00000056edb00000)]
  0x000001d1f2371370 JavaThread "C2 CompilerThread1" daemon [_thread_blocked, id=9444, stack(0x00000056edc00000,0x00000056edd00000)]

Other Threads:
  0x000001d1eda94360 VMThread "VM Thread" [stack: 0x00000056ece00000,0x00000056ecf00000] [id=15464]
  0x000001d1cda79b20 WatcherThread [stack: 0x00000056edb00000,0x00000056edc00000] [id=3868]
  0x000001d1cda5c120 GCTaskThread "GC Thread#0" [stack: 0x00000056ec900000,0x00000056eca00000] [id=3088]
  0x000001d1cda68e30 ConcurrentGCThread "G1 Main Marker" [stack: 0x00000056eca00000,0x00000056ecb00000] [id=11356]
  0x000001d1cda6a080 ConcurrentGCThread "G1 Conc#0" [stack: 0x00000056ecb00000,0x00000056ecc00000] [id=10368]
  0x000001d1cdacd510 ConcurrentGCThread "G1 Refine#0" [stack: 0x00000056ecc00000,0x00000056ecd00000] [id=15044]
  0x000001d1cdacdf30 ConcurrentGCThread "G1 Service" [stack: 0x00000056ecd00000,0x00000056ece00000] [id=4560]

Threads with active compile tasks:

VM state: not at safepoint (normal execution)

VM Mutex/Monitor currently owned by a thread:  ([mutex/lock_event])
[0x000001d1cda00620] Metaspace_lock - owner thread: 0x000001d1cda04230

Heap address: 0x0000000742200000, size: 3038 MB, Compressed Oops mode: Zero based, Oop shift amount: 3

CDS archive(s) mapped at: [0x0000000800000000-0x0000000800bc0000-0x0000000800bc0000), size 12320768, SharedBaseAddress: 0x0000000800000000, ArchiveRelocationMode: 0.
Compressed class space mapped at: 0x0000000801000000-0x0000000841000000, reserved size: 1073741824
Narrow klass base: 0x0000000800000000, Narrow klass shift: 0, Narrow klass range: 0x100000000

GC Precious Log:
 CPUs: 4 total, 4 available
 Memory: 12148M
 Large Page Support: Disabled
 NUMA Support: Disabled
 Compressed Oops: Enabled (Zero based)
 Heap Region Size: 2M
 Heap Min Capacity: 8M
 Heap Initial Capacity: 190M
 Heap Max Capacity: 3038M
 Pre-touch: Disabled
 Parallel Workers: 4
 Concurrent Workers: 1
 Concurrent Refinement Workers: 4
 Periodic GC: Disabled

Heap:
 garbage-first heap   total 194560K, used 6144K [0x0000000742200000, 0x0000000800000000)
  region size 2048K, 4 young (8192K), 0 survivors (0K)
 Metaspace       used 2077K, committed 2176K, reserved 1114112K
  class space    used 205K, committed 256K, reserved 1048576K

Heap Regions: E=young(eden), S=young(survivor), O=old, HS=humongous(starts), HC=humongous(continues), CS=collection set, F=free, OA=open archive, CA=closed archive, TAMS=top-at-mark-start (previous, next)
|   0|0x0000000742200000, 0x0000000742200000, 0x0000000742400000|  0%| F|  |TAMS 0x0000000742200000, 0x0000000742200000| Untracked 
|   1|0x0000000742400000, 0x0000000742400000, 0x0000000742600000|  0%| F|  |TAMS 0x0000000742400000, 0x0000000742400000| Untracked 
|   2|0x0000000742600000, 0x0000000742600000, 0x0000000742800000|  0%| F|  |TAMS 0x0000000742600000, 0x0000000742600000| Untracked 
|   3|0x0000000742800000, 0x0000000742800000, 0x0000000742a00000|  0%| F|  |TAMS 0x0000000742800000, 0x0000000742800000| Untracked 
|   4|0x0000000742a00000, 0x0000000742a00000, 0x0000000742c00000|  0%| F|  |TAMS 0x0000000742a00000, 0x0000000742a00000| Untracked 
|   5|0x0000000742c00000, 0x0000000742c00000, 0x0000000742e00000|  0%| F|  |TAMS 0x0000000742c00000, 0x0000000742c00000| Untracked 
|   6|0x0000000742e00000, 0x0000000742e00000, 0x0000000743000000|  0%| F|  |TAMS 0x0000000742e00000, 0x0000000742e00000| Untracked 
|   7|0x0000000743000000, 0x0000000743000000, 0x0000000743200000|  0%| F|  |TAMS 0x0000000743000000, 0x0000000743000000| Untracked 
|   8|0x0000000743200000, 0x0000000743200000, 0x0000000743400000|  0%| F|  |TAMS 0x0000000743200000, 0x0000000743200000| Untracked 
|   9|0x0000000743400000, 0x0000000743400000, 0x0000000743600000|  0%| F|  |TAMS 0x0000000743400000, 0x0000000743400000| Untracked 
|  10|0x0000000743600000, 0x0000000743600000, 0x0000000743800000|  0%| F|  |TAMS 0x0000000743600000, 0x0000000743600000| Untracked 
|  11|0x0000000743800000, 0x0000000743800000, 0x0000000743a00000|  0%| F|  |TAMS 0x0000000743800000, 0x0000000743800000| Untracked 
|  12|0x0000000743a00000, 0x0000000743a00000, 0x0000000743c00000|  0%| F|  |TAMS 0x0000000743a00000, 0x0000000743a00000| Untracked 
|  13|0x0000000743c00000, 0x0000000743c00000, 0x0000000743e00000|  0%| F|  |TAMS 0x0000000743c00000, 0x0000000743c00000| Untracked 
|  14|0x0000000743e00000, 0x0000000743e00000, 0x0000000744000000|  0%| F|  |TAMS 0x0000000743e00000, 0x0000000743e00000| Untracked 
|  15|0x0000000744000000, 0x0000000744000000, 0x0000000744200000|  0%| F|  |TAMS 0x0000000744000000, 0x0000000744000000| Untracked 
|  16|0x0000000744200000, 0x0000000744200000, 0x0000000744400000|  0%| F|  |TAMS 0x0000000744200000, 0x0000000744200000| Untracked 
|  17|0x0000000744400000, 0x0000000744400000, 0x0000000744600000|  0%| F|  |TAMS 0x0000000744400000, 0x0000000744400000| Untracked 
|  18|0x0000000744600000, 0x0000000744600000, 0x0000000744800000|  0%| F|  |TAMS 0x0000000744600000, 0x0000000744600000| Untracked 
|  19|0x0000000744800000, 0x0000000744800000, 0x0000000744a00000|  0%| F|  |TAMS 0x0000000744800000, 0x0000000744800000| Untracked 
|  20|0x0000000744a00000, 0x0000000744a00000, 0x0000000744c00000|  0%| F|  |TAMS 0x0000000744a00000, 0x0000000744a00000| Untracked 
|  21|0x0000000744c00000, 0x0000000744c00000, 0x0000000744e00000|  0%| F|  |TAMS 0x0000000744c00000, 0x0000000744c00000| Untracked 
|  22|0x0000000744e00000, 0x0000000744e00000, 0x0000000745000000|  0%| F|  |TAMS 0x0000000744e00000, 0x0000000744e00000| Untracked 
|  23|0x0000000745000000, 0x0000000745000000, 0x0000000745200000|  0%| F|  |TAMS 0x0000000745000000, 0x0000000745000000| Untracked 
|  24|0x0000000745200000, 0x0000000745200000, 0x0000000745400000|  0%| F|  |TAMS 0x0000000745200000, 0x0000000745200000| Untracked 
|  25|0x0000000745400000, 0x0000000745400000, 0x0000000745600000|  0%| F|  |TAMS 0x0000000745400000, 0x0000000745400000| Untracked 
|  26|0x0000000745600000, 0x0000000745600000, 0x0000000745800000|  0%| F|  |TAMS 0x0000000745600000, 0x0000000745600000| Untracked 
|  27|0x0000000745800000, 0x0000000745800000, 0x0000000745a00000|  0%| F|  |TAMS 0x0000000745800000, 0x0000000745800000| Untracked 
|  28|0x0000000745a00000, 0x0000000745a00000, 0x0000000745c00000|  0%| F|  |TAMS 0x0000000745a00000, 0x0000000745a00000| Untracked 
|  29|0x0000000745c00000, 0x0000000745c00000, 0x0000000745e00000|  0%| F|  |TAMS 0x0000000745c00000, 0x0000000745c00000| Untracked 
|  30|0x0000000745e00000, 0x0000000745e00000, 0x0000000746000000|  0%| F|  |TAMS 0x0000000745e00000, 0x0000000745e00000| Untracked 
|  31|0x0000000746000000, 0x0000000746000000, 0x0000000746200000|  0%| F|  |TAMS 0x0000000746000000, 0x0000000746000000| Untracked 
|  32|0x0000000746200000, 0x0000000746200000, 0x0000000746400000|  0%| F|  |TAMS 0x0000000746200000, 0x0000000746200000| Untracked 
|  33|0x0000000746400000, 0x0000000746400000, 0x0000000746600000|  0%| F|  |TAMS 0x0000000746400000, 0x0000000746400000| Untracked 
|  34|0x0000000746600000, 0x0000000746600000, 0x0000000746800000|  0%| F|  |TAMS 0x0000000746600000, 0x0000000746600000| Untracked 
|  35|0x0000000746800000, 0x0000000746800000, 0x0000000746a00000|  0%| F|  |TAMS 0x0000000746800000, 0x0000000746800000| Untracked 
|  36|0x0000000746a00000, 0x0000000746a00000, 0x0000000746c00000|  0%| F|  |TAMS 0x0000000746a00000, 0x0000000746a00000| Untracked 
|  37|0x0000000746c00000, 0x0000000746c00000, 0x0000000746e00000|  0%| F|  |TAMS 0x0000000746c00000, 0x0000000746c00000| Untracked 
|  38|0x0000000746e00000, 0x0000000746e00000, 0x0000000747000000|  0%| F|  |TAMS 0x0000000746e00000, 0x0000000746e00000| Untracked 
|  39|0x0000000747000000, 0x0000000747000000, 0x0000000747200000|  0%| F|  |TAMS 0x0000000747000000, 0x0000000747000000| Untracked 
|  40|0x0000000747200000, 0x0000000747200000, 0x0000000747400000|  0%| F|  |TAMS 0x0000000747200000, 0x0000000747200000| Untracked 
|  41|0x0000000747400000, 0x0000000747400000, 0x0000000747600000|  0%| F|  |TAMS 0x0000000747400000, 0x0000000747400000| Untracked 
|  42|0x0000000747600000, 0x0000000747600000, 0x0000000747800000|  0%| F|  |TAMS 0x0000000747600000, 0x0000000747600000| Untracked 
|  43|0x0000000747800000, 0x0000000747800000, 0x0000000747a00000|  0%| F|  |TAMS 0x0000000747800000, 0x0000000747800000| Untracked 
|  44|0x0000000747a00000, 0x0000000747a00000, 0x0000000747c00000|  0%| F|  |TAMS 0x0000000747a00000, 0x0000000747a00000| Untracked 
|  45|0x0000000747c00000, 0x0000000747c00000, 0x0000000747e00000|  0%| F|  |TAMS 0x0000000747c00000, 0x0000000747c00000| Untracked 
|  46|0x0000000747e00000, 0x0000000747e00000, 0x0000000748000000|  0%| F|  |TAMS 0x0000000747e00000, 0x0000000747e00000| Untracked 
|  47|0x0000000748000000, 0x0000000748000000, 0x0000000748200000|  0%| F|  |TAMS 0x0000000748000000, 0x0000000748000000| Untracked 
|  48|0x0000000748200000, 0x0000000748200000, 0x0000000748400000|  0%| F|  |TAMS 0x0000000748200000, 0x0000000748200000| Untracked 
|  49|0x0000000748400000, 0x0000000748400000, 0x0000000748600000|  0%| F|  |TAMS 0x0000000748400000, 0x0000000748400000| Untracked 
|  50|0x0000000748600000, 0x0000000748600000, 0x0000000748800000|  0%| F|  |TAMS 0x0000000748600000, 0x0000000748600000| Untracked 
|  51|0x0000000748800000, 0x0000000748800000, 0x0000000748a00000|  0%| F|  |TAMS 0x0000000748800000, 0x0000000748800000| Untracked 
|  52|0x0000000748a00000, 0x0000000748a00000, 0x0000000748c00000|  0%| F|  |TAMS 0x0000000748a00000, 0x0000000748a00000| Untracked 
|  53|0x0000000748c00000, 0x0000000748c00000, 0x0000000748e00000|  0%| F|  |TAMS 0x0000000748c00000, 0x0000000748c00000| Untracked 
|  54|0x0000000748e00000, 0x0000000748e00000, 0x0000000749000000|  0%| F|  |TAMS 0x0000000748e00000, 0x0000000748e00000| Untracked 
|  55|0x0000000749000000, 0x0000000749000000, 0x0000000749200000|  0%| F|  |TAMS 0x0000000749000000, 0x0000000749000000| Untracked 
|  56|0x0000000749200000, 0x0000000749200000, 0x0000000749400000|  0%| F|  |TAMS 0x0000000749200000, 0x0000000749200000| Untracked 
|  57|0x0000000749400000, 0x0000000749400000, 0x0000000749600000|  0%| F|  |TAMS 0x0000000749400000, 0x0000000749400000| Untracked 
|  58|0x0000000749600000, 0x0000000749600000, 0x0000000749800000|  0%| F|  |TAMS 0x0000000749600000, 0x0000000749600000| Untracked 
|  59|0x0000000749800000, 0x0000000749800000, 0x0000000749a00000|  0%| F|  |TAMS 0x0000000749800000, 0x0000000749800000| Untracked 
|  60|0x0000000749a00000, 0x0000000749a00000, 0x0000000749c00000|  0%| F|  |TAMS 0x0000000749a00000, 0x0000000749a00000| Untracked 
|  61|0x0000000749c00000, 0x0000000749c00000, 0x0000000749e00000|  0%| F|  |TAMS 0x0000000749c00000, 0x0000000749c00000| Untracked 
|  62|0x0000000749e00000, 0x0000000749e00000, 0x000000074a000000|  0%| F|  |TAMS 0x0000000749e00000, 0x0000000749e00000| Untracked 
|  63|0x000000074a000000, 0x000000074a000000, 0x000000074a200000|  0%| F|  |TAMS 0x000000074a000000, 0x000000074a000000| Untracked 
|  64|0x000000074a200000, 0x000000074a200000, 0x000000074a400000|  0%| F|  |TAMS 0x000000074a200000, 0x000000074a200000| Untracked 
|  65|0x000000074a400000, 0x000000074a400000, 0x000000074a600000|  0%| F|  |TAMS 0x000000074a400000, 0x000000074a400000| Untracked 
|  66|0x000000074a600000, 0x000000074a600000, 0x000000074a800000|  0%| F|  |TAMS 0x000000074a600000, 0x000000074a600000| Untracked 
|  67|0x000000074a800000, 0x000000074a800000, 0x000000074aa00000|  0%| F|  |TAMS 0x000000074a800000, 0x000000074a800000| Untracked 
|  68|0x000000074aa00000, 0x000000074aa00000, 0x000000074ac00000|  0%| F|  |TAMS 0x000000074aa00000, 0x000000074aa00000| Untracked 
|  69|0x000000074ac00000, 0x000000074ac00000, 0x000000074ae00000|  0%| F|  |TAMS 0x000000074ac00000, 0x000000074ac00000| Untracked 
|  70|0x000000074ae00000, 0x000000074ae00000, 0x000000074b000000|  0%| F|  |TAMS 0x000000074ae00000, 0x000000074ae00000| Untracked 
|  71|0x000000074b000000, 0x000000074b000000, 0x000000074b200000|  0%| F|  |TAMS 0x000000074b000000, 0x000000074b000000| Untracked 
|  72|0x000000074b200000, 0x000000074b200000, 0x000000074b400000|  0%| F|  |TAMS 0x000000074b200000, 0x000000074b200000| Untracked 
|  73|0x000000074b400000, 0x000000074b400000, 0x000000074b600000|  0%| F|  |TAMS 0x000000074b400000, 0x000000074b400000| Untracked 
|  74|0x000000074b600000, 0x000000074b600000, 0x000000074b800000|  0%| F|  |TAMS 0x000000074b600000, 0x000000074b600000| Untracked 
|  75|0x000000074b800000, 0x000000074b800000, 0x000000074ba00000|  0%| F|  |TAMS 0x000000074b800000, 0x000000074b800000| Untracked 
|  76|0x000000074ba00000, 0x000000074ba00000, 0x000000074bc00000|  0%| F|  |TAMS 0x000000074ba00000, 0x000000074ba00000| Untracked 
|  77|0x000000074bc00000, 0x000000074bc00000, 0x000000074be00000|  0%| F|  |TAMS 0x000000074bc00000, 0x000000074bc00000| Untracked 
|  78|0x000000074be00000, 0x000000074be00000, 0x000000074c000000|  0%| F|  |TAMS 0x000000074be00000, 0x000000074be00000| Untracked 
|  79|0x000000074c000000, 0x000000074c000000, 0x000000074c200000|  0%| F|  |TAMS 0x000000074c000000, 0x000000074c000000| Untracked 
|  80|0x000000074c200000, 0x000000074c200000, 0x000000074c400000|  0%| F|  |TAMS 0x000000074c200000, 0x000000074c200000| Untracked 
|  81|0x000000074c400000, 0x000000074c400000, 0x000000074c600000|  0%| F|  |TAMS 0x000000074c400000, 0x000000074c400000| Untracked 
|  82|0x000000074c600000, 0x000000074c600000, 0x000000074c800000|  0%| F|  |TAMS 0x000000074c600000, 0x000000074c600000| Untracked 
|  83|0x000000074c800000, 0x000000074c800000, 0x000000074ca00000|  0%| F|  |TAMS 0x000000074c800000, 0x000000074c800000| Untracked 
|  84|0x000000074ca00000, 0x000000074ca00000, 0x000000074cc00000|  0%| F|  |TAMS 0x000000074ca00000, 0x000000074ca00000| Untracked 
|  85|0x000000074cc00000, 0x000000074cc00000, 0x000000074ce00000|  0%| F|  |TAMS 0x000000074cc00000, 0x000000074cc00000| Untracked 
|  86|0x000000074ce00000, 0x000000074ce00000, 0x000000074d000000|  0%| F|  |TAMS 0x000000074ce00000, 0x000000074ce00000| Untracked 
|  87|0x000000074d000000, 0x000000074d000000, 0x000000074d200000|  0%| F|  |TAMS 0x000000074d000000, 0x000000074d000000| Untracked 
|  88|0x000000074d200000, 0x000000074d200000, 0x000000074d400000|  0%| F|  |TAMS 0x000000074d200000, 0x000000074d200000| Untracked 
|  89|0x000000074d400000, 0x000000074d400000, 0x000000074d600000|  0%| F|  |TAMS 0x000000074d400000, 0x000000074d400000| Untracked 
|  90|0x000000074d600000, 0x000000074d600000, 0x000000074d800000|  0%| F|  |TAMS 0x000000074d600000, 0x000000074d600000| Untracked 
|  91|0x000000074d800000, 0x000000074d8f6db0, 0x000000074da00000| 48%| E|  |TAMS 0x000000074d800000, 0x000000074d800000| Complete 
|  92|0x000000074da00000, 0x000000074dc00000, 0x000000074dc00000|100%| E|CS|TAMS 0x000000074da00000, 0x000000074da00000| Complete 
|  93|0x000000074dc00000, 0x000000074de00000, 0x000000074de00000|100%| E|CS|TAMS 0x000000074dc00000, 0x000000074dc00000| Complete 
|  94|0x000000074de00000, 0x000000074e000000, 0x000000074e000000|100%| E|CS|TAMS 0x000000074de00000, 0x000000074de00000| Complete 

Card table byte_map: [0x000001d1e4b00000,0x000001d1e50f0000] _byte_map_base: 0x000001d1e10ef000

Marking Bits (Prev, Next): (CMBitMap*) 0x000001d1cda5c730, (CMBitMap*) 0x000001d1cda5c770
 Prev Bits: [0x000001d1e56e0000, 0x000001d1e8658000)
 Next Bits: [0x000001d1e8660000, 0x000001d1eb5d8000)

Polling page: 0x000001d1cbb90000

Metaspace:

Usage:
  Non-class:      1.83 MB used.
      Class:    205.42 KB used.
       Both:      2.03 MB used.

Virtual space:
  Non-class space:       64.00 MB reserved,       1.88 MB (  3%) committed,  1 nodes.
      Class space:        1.00 GB reserved,     256.00 KB ( <1%) committed,  1 nodes.
             Both:        1.06 GB reserved,       2.13 MB ( <1%) committed. 

Chunk freelists:
   Non-Class:  11.41 MB
       Class:  15.66 MB
        Both:  27.07 MB

MaxMetaspaceSize: unlimited
CompressedClassSpaceSize: 1.00 GB
Initial GC threshold: 21.00 MB
Current GC threshold: 21.00 MB
CDS: on
MetaspaceReclaimPolicy: balanced
 - commit_granule_bytes: 65536.
 - commit_granule_words: 8192.
 - virtual_space_node_default_size: 8388608.
 - enlarge_chunks_in_place: 1.
 - new_chunks_are_fully_committed: 0.
 - uncommit_free_chunks: 1.
 - use_allocation_guard: 0.
 - handle_deallocations: 1.


Internal statistics:

num_allocs_failed_limit: 0.
num_arena_births: 18.
num_arena_deaths: 0.
num_vsnodes_births: 2.
num_vsnodes_deaths: 0.
num_space_committed: 34.
num_space_uncommitted: 0.
num_chunks_returned_to_freelist: 0.
num_chunks_taken_from_freelist: 57.
num_chunk_merges: 0.
num_chunk_splits: 35.
num_chunks_enlarged: 22.
num_inconsistent_stats: 0.

CodeHeap 'non-profiled nmethods': size=120000Kb used=154Kb max_used=154Kb free=119845Kb
 bounds [0x000001d1dcfe0000, 0x000001d1dd250000, 0x000001d1e4510000]
CodeHeap 'profiled nmethods': size=120000Kb used=736Kb max_used=736Kb free=119263Kb
 bounds [0x000001d1d5510000, 0x000001d1d5780000, 0x000001d1dca40000]
CodeHeap 'non-nmethods': size=5760Kb used=1130Kb max_used=1144Kb free=4629Kb
 bounds [0x000001d1dca40000, 0x000001d1dccb0000, 0x000001d1dcfe0000]
 total_blobs=905 nmethods=491 adapters=327
 compilation: enabled
              stopped_count=0, restarted_count=0
 full_count=0

Compilation events (20 events):
Event: 0.682 Thread 0x000001d1edac3d90  481       3       java.nio.HeapByteBuffer::byteOffset (7 bytes)
Event: 0.683 Thread 0x000001d1edac3d90 nmethod 481 0x000001d1d55c3010 code [0x000001d1d55c31a0, 0x000001d1d55c32b8]
Event: 0.683 Thread 0x000001d1edac3d90  482       3       java.nio.HeapByteBuffer::getShort (29 bytes)
Event: 0.683 Thread 0x000001d1edac3d90 nmethod 482 0x000001d1d55c3390 code [0x000001d1d55c35e0, 0x000001d1d55c3ec8]
Event: 0.683 Thread 0x000001d1edac3d90  483       1       java.lang.reflect.Field::getDeclaringClass (5 bytes)
Event: 0.683 Thread 0x000001d1edac3d90 nmethod 483 0x000001d1dd005f10 code [0x000001d1dd0060a0, 0x000001d1dd006178]
Event: 0.684 Thread 0x000001d1edac3d90  484       3       java.lang.Class::cast (27 bytes)
Event: 0.684 Thread 0x000001d1edac3d90 nmethod 484 0x000001d1d55c4290 code [0x000001d1d55c4440, 0x000001d1d55c46f8]
Event: 0.684 Thread 0x000001d1edac3d90  485       1       java.util.Collections$EmptyMap::get (2 bytes)
Event: 0.684 Thread 0x000001d1edac3d90 nmethod 485 0x000001d1dd006210 code [0x000001d1dd0063a0, 0x000001d1dd006478]
Event: 0.684 Thread 0x000001d1edac3d90  486   !   3       jdk.internal.loader.BuiltinClassLoader::loadClassOrNull (143 bytes)
Event: 0.686 Thread 0x000001d1edac3d90 nmethod 486 0x000001d1d55c4810 code [0x000001d1d55c4b40, 0x000001d1d55c6098]
Event: 0.686 Thread 0x000001d1edac3d90  487       3       java.lang.ClassLoader::getClassLoadingLock (35 bytes)
Event: 0.687 Thread 0x000001d1edac3d90 nmethod 487 0x000001d1d55c6910 code [0x000001d1d55c6ac0, 0x000001d1d55c6dc8]
Event: 0.687 Thread 0x000001d1edac3d90  488       3       java.lang.ClassLoader::findLoadedClass (15 bytes)
Event: 0.687 Thread 0x000001d1edac3d90 nmethod 488 0x000001d1d55c6f10 code [0x000001d1d55c70c0, 0x000001d1d55c72b8]
Event: 0.687 Thread 0x000001d1edac3d90  490       3       jdk.internal.loader.BuiltinClassLoader::findLoadedModule (33 bytes)
Event: 0.688 Thread 0x000001d1edac3d90 nmethod 490 0x000001d1d55c7390 code [0x000001d1d55c75a0, 0x000001d1d55c7bf8]
Event: 0.688 Thread 0x000001d1edac3d90  491       3       jdk.internal.loader.BuiltinClassLoader::loadClassOrNull (7 bytes)
Event: 0.688 Thread 0x000001d1edac3d90 nmethod 491 0x000001d1d55c7e90 code [0x000001d1d55c8040, 0x000001d1d55c8208]

GC Heap History (0 events):
No events

Dll operation events (10 events):
Event: 0.021 Loaded shared library C:\Users\iylia\.jdks\corretto-17.0.7\bin\java.dll
Event: 0.038 Loaded shared library C:\Users\iylia\.jdks\corretto-17.0.7\bin\jsvml.dll
Event: 0.250 Loaded shared library C:\Users\iylia\.jdks\corretto-17.0.7\bin\zip.dll
Event: 0.257 Loaded shared library C:\Users\iylia\.jdks\corretto-17.0.7\bin\instrument.dll
Event: 0.270 Loaded shared library C:\Users\iylia\.jdks\corretto-17.0.7\bin\net.dll
Event: 0.273 Loaded shared library C:\Users\iylia\.jdks\corretto-17.0.7\bin\nio.dll
Event: 0.280 Loaded shared library C:\Users\iylia\.jdks\corretto-17.0.7\bin\zip.dll
Event: 0.287 Loaded shared library C:\Program Files\JetBrains\IntelliJ IDEA Community Edition 2023.3.3\bin\breakgen64.dll
Event: 0.398 Loaded shared library C:\Users\iylia\.jdks\corretto-17.0.7\bin\verify.dll
Event: 0.412 Loaded shared library C:\Users\iylia\.jdks\corretto-17.0.7\bin\jimage.dll

Deoptimization events (20 events):
Event: 0.360 Thread 0x000001d1cda04230 Uncommon trap: trap_request=0xffffffde fr.pc=0x000001d1dcfed7b8 relative=0x00000000000007d8
Event: 0.360 Thread 0x000001d1cda04230 Uncommon trap: reason=class_check action=maybe_recompile pc=0x000001d1dcfed7b8 method=java.util.HashMap.putVal(ILjava/lang/Object;Ljava/lang/Object;ZZ)Ljava/lang/Object; @ 152 c2
Event: 0.360 Thread 0x000001d1cda04230 DEOPT PACKING pc=0x000001d1dcfed7b8 sp=0x00000056ec8fcab0
Event: 0.360 Thread 0x000001d1cda04230 DEOPT UNPACKING pc=0x000001d1dca969a3 sp=0x00000056ec8fca30 mode 2
Event: 0.360 Thread 0x000001d1cda04230 Uncommon trap: trap_request=0xffffffde fr.pc=0x000001d1dcfed7b8 relative=0x00000000000007d8
Event: 0.360 Thread 0x000001d1cda04230 Uncommon trap: reason=class_check action=maybe_recompile pc=0x000001d1dcfed7b8 method=java.util.HashMap.putVal(ILjava/lang/Object;Ljava/lang/Object;ZZ)Ljava/lang/Object; @ 152 c2
Event: 0.360 Thread 0x000001d1cda04230 DEOPT PACKING pc=0x000001d1dcfed7b8 sp=0x00000056ec8fcab0
Event: 0.360 Thread 0x000001d1cda04230 DEOPT UNPACKING pc=0x000001d1dca969a3 sp=0x00000056ec8fca30 mode 2
Event: 0.490 Thread 0x000001d1cda04230 DEOPT PACKING pc=0x000001d1d55224e7 sp=0x00000056ec8fd7c0
Event: 0.490 Thread 0x000001d1cda04230 DEOPT UNPACKING pc=0x000001d1dca97143 sp=0x00000056ec8fcbe0 mode 0
Event: 0.629 Thread 0x000001d1cda04230 DEOPT PACKING pc=0x000001d1d5551765 sp=0x00000056ec8fdfc0
Event: 0.629 Thread 0x000001d1cda04230 DEOPT UNPACKING pc=0x000001d1dca97143 sp=0x00000056ec8fd438 mode 0
Event: 0.660 Thread 0x000001d1cda04230 Uncommon trap: trap_request=0xffffffde fr.pc=0x000001d1dcff4434 relative=0x0000000000000454
Event: 0.660 Thread 0x000001d1cda04230 Uncommon trap: reason=class_check action=maybe_recompile pc=0x000001d1dcff4434 method=java.util.HashMap.putVal(ILjava/lang/Object;Ljava/lang/Object;ZZ)Ljava/lang/Object; @ 253 c2
Event: 0.660 Thread 0x000001d1cda04230 DEOPT PACKING pc=0x000001d1dcff4434 sp=0x00000056ec8febe0
Event: 0.660 Thread 0x000001d1cda04230 DEOPT UNPACKING pc=0x000001d1dca969a3 sp=0x00000056ec8feb90 mode 2
Event: 0.661 Thread 0x000001d1cda04230 Uncommon trap: trap_request=0xffffff45 fr.pc=0x000001d1dcff48b4 relative=0x00000000000008d4
Event: 0.661 Thread 0x000001d1cda04230 Uncommon trap: reason=unstable_if action=reinterpret pc=0x000001d1dcff48b4 method=java.util.HashMap.putVal(ILjava/lang/Object;Ljava/lang/Object;ZZ)Ljava/lang/Object; @ 181 c2
Event: 0.661 Thread 0x000001d1cda04230 DEOPT PACKING pc=0x000001d1dcff48b4 sp=0x00000056ec8fe490
Event: 0.661 Thread 0x000001d1cda04230 DEOPT UNPACKING pc=0x000001d1dca969a3 sp=0x00000056ec8fe440 mode 2

Classes unloaded (0 events):
No events

Classes redefined (0 events):
No events

Internal exceptions (5 events):
Event: 0.296 Thread 0x000001d1f214d300 Exception <a 'java/lang/NoSuchMethodError'{0x000000074dff0118}: 'java.lang.Object java.lang.invoke.DirectMethodHandle$Holder.invokeStaticInit(java.lang.Object)'> (0x000000074dff0118) 
thrown [s\src\hotspot\share\interpreter\linkResolver.cpp, line 759]
Event: 0.313 Thread 0x000001d1f214d300 Exception <a 'java/lang/NoSuchMethodError'{0x000000074dffc1f8}: 'void java.lang.invoke.DirectMethodHandle$Holder.invokeStatic(java.lang.Object, java.lang.Object)'> (0x000000074dffc1f8) 
thrown [s\src\hotspot\share\interpreter\linkResolver.cpp, line 759]
Event: 0.313 Thread 0x000001d1cda04230 Exception <a 'java/lang/NoSuchMethodError'{0x000000074dfd3dc0}: 'void java.lang.invoke.DirectMethodHandle$Holder.invokeStatic(java.lang.Object, java.lang.Object)'> (0x000000074dfd3dc0) 
thrown [s\src\hotspot\share\interpreter\linkResolver.cpp, line 759]
Event: 0.493 Thread 0x000001d1cda04230 Exception <a 'java/lang/NoClassDefFoundError'{0x000000074da39fd0}: org/slf4j/impl/StaticLoggerBinder> (0x000000074da39fd0) 
thrown [s\src\hotspot\share\classfile\systemDictionary.cpp, line 245]
Event: 0.545 Thread 0x000001d1cda04230 Exception <a 'java/lang/NoSuchMethodError'{0x000000074db78ee0}: 'int java.lang.invoke.DirectMethodHandle$Holder.invokeStaticInit(java.lang.Object, java.lang.Object)'> (0x000000074db78ee0) 
thrown [s\src\hotspot\share\interpreter\linkResolver.cpp, line 759]

VM Operations (6 events):
Event: 0.224 Executing VM operation: HandshakeAllThreads
Event: 0.224 Executing VM operation: HandshakeAllThreads done
Event: 0.293 Executing VM operation: HandshakeAllThreads
Event: 0.293 Executing VM operation: HandshakeAllThreads done
Event: 0.607 Executing VM operation: HandshakeAllThreads
Event: 0.607 Executing VM operation: HandshakeAllThreads done

Events (20 events):
Event: 0.678 loading class jdk/internal/reflect/ByteVectorImpl done
Event: 0.678 loading class jdk/internal/reflect/ClassFileAssembler
Event: 0.679 loading class jdk/internal/reflect/ClassFileAssembler done
Event: 0.679 loading class jdk/internal/reflect/UTF8
Event: 0.679 loading class jdk/internal/reflect/UTF8 done
Event: 0.680 loading class jdk/internal/reflect/Label
Event: 0.680 loading class jdk/internal/reflect/Label done
Event: 0.680 loading class jdk/internal/reflect/Label$PatchInfo
Event: 0.680 loading class jdk/internal/reflect/Label$PatchInfo done
Event: 0.680 loading class jdk/internal/reflect/MethodAccessorGenerator$1
Event: 0.680 loading class jdk/internal/reflect/MethodAccessorGenerator$1 done
Event: 0.680 loading class jdk/internal/reflect/ClassDefiner
Event: 0.680 loading class jdk/internal/reflect/ClassDefiner done
Event: 0.680 loading class jdk/internal/reflect/ClassDefiner$1
Event: 0.680 loading class jdk/internal/reflect/ClassDefiner$1 done
Event: 0.681 loading class jdk/internal/reflect/BootstrapConstructorAccessorImpl
Event: 0.681 loading class jdk/internal/reflect/BootstrapConstructorAccessorImpl done
Event: 0.688 loading class java/lang/AssertionError
Event: 0.688 loading class java/lang/AssertionError done
Event: 0.689 loading class java/lang/Class$AnnotationData


Dynamic libraries:
0x00007ff779360000 - 0x00007ff77936d000 	C:\Users\iylia\.jdks\corretto-17.0.7\bin\java.exe
0x00007ffc750d0000 - 0x00007ffc752c8000 	C:\Windows\SYSTEM32\ntdll.dll
0x00007ffc744f0000 - 0x00007ffc745b2000 	C:\Windows\System32\KERNEL32.DLL
0x00007ffc72d60000 - 0x00007ffc7305e000 	C:\Windows\System32\KERNELBASE.dll
0x00007ffc72ae0000 - 0x00007ffc72be0000 	C:\Windows\System32\ucrtbase.dll
0x00007ffc6e7c0000 - 0x00007ffc6e7d5000 	C:\Users\iylia\.jdks\corretto-17.0.7\bin\VCRUNTIME140.dll
0x00007ffc6aac0000 - 0x00007ffc6aad7000 	C:\Users\iylia\.jdks\corretto-17.0.7\bin\jli.dll
0x00007ffc74a60000 - 0x00007ffc74bfd000 	C:\Windows\System32\USER32.dll
0x00007ffc72ab0000 - 0x00007ffc72ad2000 	C:\Windows\System32\win32u.dll
0x00007ffc5fb80000 - 0x00007ffc5fe1a000 	C:\Windows\WinSxS\amd64_microsoft.windows.common-controls_6595b64144ccf1df_6.0.19041.4355_none_60b8b9eb71f62e16\COMCTL32.dll
0x00007ffc74920000 - 0x00007ffc7494b000 	C:\Windows\System32\GDI32.dll
0x00007ffc74370000 - 0x00007ffc7440e000 	C:\Windows\System32\msvcrt.dll
0x00007ffc728d0000 - 0x00007ffc729e7000 	C:\Windows\System32\gdi32full.dll
0x00007ffc72be0000 - 0x00007ffc72c7d000 	C:\Windows\System32\msvcp_win.dll
0x00007ffc73b40000 - 0x00007ffc73b6f000 	C:\Windows\System32\IMM32.DLL
0x00007ffc55a60000 - 0x00007ffc55afb000 	C:\Users\iylia\.jdks\corretto-17.0.7\bin\msvcp140.dll
0x00007ffc3de00000 - 0x00007ffc3ea1a000 	C:\Users\iylia\.jdks\corretto-17.0.7\bin\server\jvm.dll
0x00007ffc746a0000 - 0x00007ffc74751000 	C:\Windows\System32\ADVAPI32.dll
0x00007ffc749c0000 - 0x00007ffc74a5f000 	C:\Windows\System32\sechost.dll
0x00007ffc73d20000 - 0x00007ffc73e43000 	C:\Windows\System32\RPCRT4.dll
0x00007ffc72d30000 - 0x00007ffc72d57000 	C:\Windows\System32\bcrypt.dll
0x00007ffc5d4f0000 - 0x00007ffc5d4f9000 	C:\Windows\SYSTEM32\WSOCK32.dll
0x00007ffc65d50000 - 0x00007ffc65d5a000 	C:\Windows\SYSTEM32\VERSION.dll
0x00007ffc5e540000 - 0x00007ffc5e567000 	C:\Windows\SYSTEM32\WINMM.dll
0x00007ffc73cb0000 - 0x00007ffc73d1b000 	C:\Windows\System32\WS2_32.dll
0x00007ffc70fa0000 - 0x00007ffc70fb2000 	C:\Windows\SYSTEM32\kernel.appcore.dll
0x00007ffc6f510000 - 0x00007ffc6f51a000 	C:\Users\iylia\.jdks\corretto-17.0.7\bin\jimage.dll
0x00007ffc70d40000 - 0x00007ffc70f24000 	C:\Windows\SYSTEM32\DBGHELP.DLL
0x00007ffc60ae0000 - 0x00007ffc60b14000 	C:\Windows\SYSTEM32\dbgcore.DLL
0x00007ffc73060000 - 0x00007ffc730e2000 	C:\Windows\System32\bcryptPrimitives.dll
0x00007ffc6a3f0000 - 0x00007ffc6a3fe000 	C:\Users\iylia\.jdks\corretto-17.0.7\bin\instrument.dll
0x00007ffc6a1f0000 - 0x00007ffc6a215000 	C:\Users\iylia\.jdks\corretto-17.0.7\bin\java.dll
0x00007ffc55980000 - 0x00007ffc55a56000 	C:\Users\iylia\.jdks\corretto-17.0.7\bin\jsvml.dll
0x00007ffc733d0000 - 0x00007ffc73b3d000 	C:\Windows\System32\SHELL32.dll
0x00007ffc704c0000 - 0x00007ffc70c64000 	C:\Windows\SYSTEM32\windows.storage.dll
0x00007ffc74c00000 - 0x00007ffc74f53000 	C:\Windows\System32\combase.dll
0x00007ffc71ff0000 - 0x00007ffc7201e000 	C:\Windows\SYSTEM32\Wldp.dll
0x00007ffc745d0000 - 0x00007ffc7469d000 	C:\Windows\System32\OLEAUT32.dll
0x00007ffc73e50000 - 0x00007ffc73efd000 	C:\Windows\System32\SHCORE.dll
0x00007ffc74960000 - 0x00007ffc749b5000 	C:\Windows\System32\shlwapi.dll
0x00007ffc726a0000 - 0x00007ffc726c4000 	C:\Windows\SYSTEM32\profapi.dll
0x00007ffc69de0000 - 0x00007ffc69df8000 	C:\Users\iylia\.jdks\corretto-17.0.7\bin\zip.dll
0x00007ffc6a270000 - 0x00007ffc6a289000 	C:\Users\iylia\.jdks\corretto-17.0.7\bin\net.dll
0x00007ffc6b530000 - 0x00007ffc6b63d000 	C:\Windows\SYSTEM32\WINHTTP.dll
0x00007ffc71dd0000 - 0x00007ffc71e3a000 	C:\Windows\system32\mswsock.dll
0x00007ffc69e00000 - 0x00007ffc69e15000 	C:\Users\iylia\.jdks\corretto-17.0.7\bin\nio.dll
0x00007ffc69be0000 - 0x00007ffc69bfa000 	C:\Program Files\JetBrains\IntelliJ IDEA Community Edition 2023.3.3\bin\breakgen64.dll
0x00007ffc6a3e0000 - 0x00007ffc6a3f0000 	C:\Users\iylia\.jdks\corretto-17.0.7\bin\verify.dll

dbghelp: loaded successfully - version: 4.0.5 - missing functions: none
symbol engine: initialized successfully - sym options: 0x614 - pdb path: .;C:\Users\iylia\.jdks\corretto-17.0.7\bin;C:\Windows\SYSTEM32;C:\Windows\WinSxS\amd64_microsoft.windows.common-controls_6595b64144ccf1df_6.0.19041.4355_none_60b8b9eb71f62e16;C:\Users\iylia\.jdks\corretto-17.0.7\bin\server;C:\Program Files\JetBrains\IntelliJ IDEA Community Edition 2023.3.3\bin

VM Arguments:
jvm_args: -ea -Didea.test.cyclic.buffer.size=1048576 -javaagent:C:\Program Files\JetBrains\IntelliJ IDEA Community Edition 2023.3.3\lib\idea_rt.jar=54774:C:\Program Files\JetBrains\IntelliJ IDEA Community Edition 2023.3.3\bin -Dfile.encoding=UTF-8 
java_command: com.intellij.rt.testng.RemoteTestNGStarter -usedefaultlisteners false -socket54773 @w@C:\Users\iylia\AppData\Local\Temp\idea_working_dirs_testng.tmp -temp C:\Users\iylia\AppData\Local\Temp\idea_testng.tmp
java_class_path (initial): C:\Program Files\JetBrains\IntelliJ IDEA Community Edition 2023.3.3\lib\idea_rt.jar;C:\Program Files\JetBrains\IntelliJ IDEA Community Edition 2023.3.3\plugins\testng\lib\testng-rt.jar;C:\Disk D\RedRover.shools\JenkinsQA_2024_fall\target\test-classes;C:\Users\iylia\.m2\repository\org\testng\testng\7.10.2\testng-7.10.2.jar;C:\Users\iylia\.m2\repository\org\slf4j\slf4j-api\1.7.36\slf4j-api-1.7.36.jar;C:\Users\iylia\.m2\repository\com\beust\jcommander\1.82\jcommander-1.82.jar;C:\Users\iylia\.m2\repository\org\webjars\jquery\3.7.1\jquery-3.7.1.jar;C:\Users\iylia\.m2\repository\org\seleniumhq\selenium\selenium-java\4.26.0\selenium-java-4.26.0.jar;C:\Users\iylia\.m2\repository\org\seleniumhq\selenium\selenium-api\4.26.0\selenium-api-4.26.0.jar;C:\Users\iylia\.m2\repository\org\jspecify\jspecify\1.0.0\jspecify-1.0.0.jar;C:\Users\iylia\.m2\repository\org\seleniumhq\selenium\selenium-chrome-driver\4.26.0\selenium-chrome-driver-4.26.0.jar;C:\Users\iylia\.m2\repository\com\google\auto\service\auto-service-annotations\1.1.1\auto-service-annotations-1.1.1.jar;C:\Users\iylia\.m2\repository\org\seleniumhq\selenium\selenium-chromium-driver\4.26.0\selenium-chromium-driver-4.26.0.jar;C:\Users\iylia\.m2\repository\org\seleniumhq\selenium\selenium-json\4.26.0\selenium-json-4.26.0.jar;C:\Users\iylia\.m2\repository\org\seleniumhq\selenium\selenium-manager\4.26.0\selenium-manager-4.26.0.jar;C:\Users\iylia\.m2\repository\org\seleniumhq\selenium\selenium-devtools-v128\4.26.0\selenium-devtools-v128-4.26.0.jar;C:\Users\iylia\.m2\repository\org\seleniumhq\selenium\selenium-devtools-v129\4.26.0\selenium-devtools-v129-4.26.0.jar;C:\Users\iylia\.m2\repository\org\seleniumhq\selenium\selenium-devtools-v130\4.26.0\selenium-devtools-v130-4.26.0.jar;C:\Users\iylia\.m2\repository\org\seleniumhq\selenium\selenium-devtools-v85\4.26.0\selenium-devtools-v85-4.26.0.jar;C:\Users\iylia\.m2\repository\org\seleniumhq\selenium\selenium-edge-driver\4.26.0\selenium-edge-driver-4.26.0.
Launcher Type: SUN_STANDARD

[Global flags]
     intx CICompilerCount                          = 3                                         {product} {ergonomic}
     uint ConcGCThreads                            = 1                                         {product} {ergonomic}
     uint G1ConcRefinementThreads                  = 4                                         {product} {ergonomic}
   size_t G1HeapRegionSize                         = 2097152                                   {product} {ergonomic}
    uintx GCDrainStackTargetSize                   = 64                                        {product} {ergonomic}
   size_t InitialHeapSize                          = 199229440                                 {product} {ergonomic}
   size_t MarkStackSize                            = 4194304                                   {product} {ergonomic}
   size_t MaxHeapSize                              = 3185573888                                {product} {ergonomic}
   size_t MaxNewSize                               = 1910505472                                {product} {ergonomic}
   size_t MinHeapDeltaBytes                        = 2097152                                   {product} {ergonomic}
   size_t MinHeapSize                              = 8388608                                   {product} {ergonomic}
    uintx NonNMethodCodeHeapSize                   = 5832780                                {pd product} {ergonomic}
    uintx NonProfiledCodeHeapSize                  = 122912730                              {pd product} {ergonomic}
    uintx ProfiledCodeHeapSize                     = 122912730                              {pd product} {ergonomic}
    uintx ReservedCodeCacheSize                    = 251658240                              {pd product} {ergonomic}
     bool SegmentedCodeCache                       = true                                      {product} {ergonomic}
   size_t SoftMaxHeapSize                          = 3185573888                             {manageable} {ergonomic}
     bool UseCompressedClassPointers               = true                           {product lp64_product} {ergonomic}
     bool UseCompressedOops                        = true                           {product lp64_product} {ergonomic}
     bool UseG1GC                                  = true                                      {product} {ergonomic}
     bool UseLargePagesIndividualAllocation        = false                                  {pd product} {ergonomic}

Logging:
Log output configuration:
 #0: stdout all=warning uptime,level,tags
 #1: stderr all=off uptime,level,tags

Environment Variables:
PATH=C:\Program Files\Microsoft\jdk-11.0.12.7-hotspot\bin;C:\Program Files (x86)\Common Files\Oracle\Java\javapath;C:\Python310\Scripts\;C:\Python310\;C:\Windows\system32;C:\Windows;C:\Windows\System32\Wbem;C:\Windows\System32\WindowsPowerShell\v1.0\;C:\Windows\System32\OpenSSH\;C:\Program Files\Microsoft VS Code\bin;C:\ProgramData\chocolatey\bin;C:\Program Files\dotnet\;C:\xampp\php;C:\ProgramData\ComposerSetup\bin;C:\Program Files\Docker\Docker\resources\bin;C:\Program Files\nodejs\;C:\Program Files\Git\cmd;C:\Program Files\apache-maven-3.9.8\bin;C:\Users\iylia\.jdks\corretto-17.0.7\bin;C:\Program Files\Microsoft\jdk-11.0.12.7-hotspot\bin;C:\Program Files\allure-2.30.0\bin;C:\Program Files\MySQL\MySQL Shell 8.0\bin\;C:\Users\iylia\AppData\Local\Programs\Python\Python311\Scripts\;C:\Users\iylia\AppData\Local\Programs\Python\Python311\;C:\Users\iylia\AppData\Local\Microsoft\WindowsApps;C:\Users\iylia\AppData\Local\Programs\Hyper\resources\bin;C:\chromedriver;C:\Users\iylia\.dotnet\tools;C:\Users\iylia\AppData\Roaming\Composer\vendor\bin;C:\Program Files\JetBrains\PyCharm Community Edition 2023.3\bin;;C:\Users\iylia\AppData\Roaming\npm
USERNAME=Roman
OS=Windows_NT
PROCESSOR_IDENTIFIER=Intel64 Family 6 Model 58 Stepping 9, GenuineIntel
TMP=C:\Users\iylia\AppData\Local\Temp
TEMP=C:\Users\iylia\AppData\Local\Temp



---------------  S Y S T E M  ---------------

OS:
 Windows 10 , 64 bit Build 19041 (10.0.19041.5072)
OS uptime: 8 days 20:02 hours
Hyper-V role detected

CPU: total 4 (initial active 4) (2 cores per cpu, 2 threads per core) family 6 model 58 stepping 9 microcode 0x21, cx8, cmov, fxsr, ht, mmx, sse, sse2, sse3, ssse3, sse4.1, sse4.2, popcnt, tsc, tscinvbit, avx, aes, erms, clmul, vzeroupper, clflush, hv

Memory: 4k page, system-wide physical 12148M (1478M free)
TotalPageFile size 14562M (AvailPageFile size 2M)
current process WorkingSet (physical memory assigned to process): 45M, peak: 45M
current process commit charge ("private bytes"): 272M, peak: 272M

vm_info: OpenJDK 64-Bit Server VM (17.0.7+7-LTS) for windows-amd64 JRE (17.0.7+7-LTS), built on Apr 14 2023 01:39:21 by "Administrator" with MS VC++ 15.9 (VS2017)

END.
