#
# A fatal error has been detected by the Java Runtime Environment:
#
#  EXCEPTION_ACCESS_VIOLATION (0xc0000005) at pc=0x00007ffdaa3e3ac3, pid=12204, tid=14432
#
# JRE version: OpenJDK Runtime Environment Corretto-17.0.7.7.1 (17.0.7+7) (build 17.0.7+7-LTS)
# Java VM: OpenJDK 64-Bit Server VM Corretto-17.0.7.7.1 (17.0.7+7-LTS, mixed mode, sharing, tiered, compressed oops, compressed class ptrs, g1 gc, windows-amd64)
# Problematic frame:
# V  [jvm.dll+0x373ac3]
#
# No core dump will be written. Minidumps are not enabled by default on client versions of Windows
#
# If you would like to submit a bug report, please visit:
#   https://github.com/corretto/corretto-17/issues/
#

---------------  S U M M A R Y ------------

Command Line: -ea -Didea.test.cyclic.buffer.size=1048576 -javaagent:C:\Program Files\JetBrains\IntelliJ IDEA Community Edition 2023.3.3\lib\idea_rt.jar=52881:C:\Program Files\JetBrains\IntelliJ IDEA Community Edition 2023.3.3\bin -Dfile.encoding=UTF-8 com.intellij.rt.testng.RemoteTestNGStarter -usedefaultlisteners false -socket52880 @w@C:\Users\iylia\AppData\Local\Temp\idea_working_dirs_testng.tmp -temp C:\Users\iylia\AppData\Local\Temp\idea_testng.tmp

Host: Intel(R) Core(TM) i5-3230M CPU @ 2.60GHz, 4 cores, 11G,  Windows 10 , 64 bit Build 19041 (10.0.19041.5072)
Time: Thu Nov 28 16:59:58 2024  Windows 10 , 64 bit Build 19041 (10.0.19041.5072) elapsed time: 4.719484 seconds (0d 0h 0m 4s)

---------------  T H R E A D  ---------------

Current thread (0x000001c6d8afe3f0):  JavaThread "JdkHttpClient-0-2" daemon [_thread_in_vm, id=14432, stack(0x00000010a3f00000,0x00000010a4000000)]

Stack: [0x00000010a3f00000,0x00000010a4000000],  sp=0x00000010a3fff380,  free space=1020k
Native frames: (J=compiled Java code, j=interpreted, Vv=VM code, C=native code)
V  [jvm.dll+0x373ac3]
V  [jvm.dll+0x64b462]
V  [jvm.dll+0x3746fb]
V  [jvm.dll+0x374987]
V  [jvm.dll+0x3f4001]
V  [jvm.dll+0x7b7dcb]
V  [jvm.dll+0x7b237a]
