#
# There is insufficient memory for the Java Runtime Environment to continue.
# Native memory allocation (malloc) failed to allocate 727296 bytes for Chunk::new
# Possible reasons:
#   The system is out of physical RAM or swap space
#   The process is running with CompressedOops enabled, and the Java Heap may be blocking the growth of the native heap
# Possible solutions:
#   Reduce memory load on the system
#   Increase physical memory or swap space
#   Check if swap backing store is full
#   Decrease Java heap size (-Xmx/-Xms)
#   Decrease number of Java threads
#   Decrease Java thread stack sizes (-Xss)
#   Set larger code cache with -XX:ReservedCodeCacheSize=
#   JVM is running with Zero Based Compressed Oops mode in which the Java heap is
#     placed in the first 32GB address space. The Java Heap base address is the
#     maximum limit for the native heap growth. Please use -XX:HeapBaseMinAddress
#     to set the Java Heap base and to place the Java Heap above 32GB virtual address.
# This output file may be truncated or incomplete.
#
#  Out of Memory Error (arena.cpp:189), pid=9904, tid=19452
#
# JRE version: OpenJDK Runtime Environment Corretto-17.0.7.7.1 (17.0.7+7) (build 17.0.7+7-LTS)
# Java VM: OpenJDK 64-Bit Server VM Corretto-17.0.7.7.1 (17.0.7+7-LTS, mixed mode, sharing, tiered, compressed oops, compressed class ptrs, g1 gc, windows-amd64)
# No core dump will be written. Minidumps are not enabled by default on client versions of Windows
#

---------------  S U M M A R Y ------------

Command Line: -ea -Didea.test.cyclic.buffer.size=1048576 -javaagent:C:\Program Files\JetBrains\IntelliJ IDEA Community Edition 2023.3.3\lib\idea_rt.jar=54839:C:\Program Files\JetBrains\IntelliJ IDEA Community Edition 2023.3.3\bin -Dfile.encoding=UTF-8 com.intellij.rt.testng.RemoteTestNGStarter -usedefaultlisteners false -socket54838 @w@C:\Users\iylia\AppData\Local\Temp\idea_working_dirs_testng.tmp -temp C:\Users\iylia\AppData\Local\Temp\idea_testng.tmp

Host: Intel(R) Core(TM) i5-3230M CPU @ 2.60GHz, 4 cores, 11G,  Windows 10 , 64 bit Build 19041 (10.0.19041.5072)
Time: Thu Nov 28 15:53:24 2024  Windows 10 , 64 bit Build 19041 (10.0.19041.5072) elapsed time: 1.438179 seconds (0d 0h 0m 1s)

---------------  T H R E A D  ---------------

Current thread (0x0000016f7f284c20):  JavaThread "C2 CompilerThread1" daemon [_thread_in_native, id=19452, stack(0x0000000babe00000,0x0000000babf00000)]


Current CompileTask:
C2:   1438 1083       4       jdk.internal.org.objectweb.asm.Frame::execute (2305 bytes)

Stack: [0x0000000babe00000,0x0000000babf00000]
Native frames: (J=compiled Java code, j=interpreted, Vv=VM code, C=native code)
V  [jvm.dll+0x64b53a]
V  [jvm.dll+0x7fef54]
V  [jvm.dll+0x80070e]
V  [jvm.dll+0x800d63]
V  [jvm.dll+0x236a2b]
V  [jvm.dll+0xbd47c]
V  [jvm.dll+0xbda5c]
V  [jvm.dll+0x29ded2]
V  [jvm.dll+0x559df8]
V  [jvm.dll+0x21315b]
V  [jvm.dll+0x20c3fd]
V  [jvm.dll+0x20a172]
V  [jvm.dll+0x19a2ed]
V  [jvm.dll+0x21967d]
V  [jvm.dll+0x2178c4]
V  [jvm.dll+0x7b7dcb]
V  [jvm.dll+0x7b237a]
V  [jvm.dll+0x64a3a5]
C  [ucrtbase.dll+0x21bb2]
C  [KERNEL32.DLL+0x17374]
C  [ntdll.dll+0x4cc91]


---------------  P R O C E S S  ---------------

Threads class SMR info:
_java_thread_list=0x0000016f7f2f67b0, length=14, elements={
0x0000016f6deb57e0, 0x0000016f7ef46170, 0x0000016f7ef46fe0, 0x0000016f7ef5ef00,
0x0000016f7ef60ac0, 0x0000016f7ef63480, 0x0000016f7ef64240, 0x0000016f7ef6c360,
0x0000016f7ef75120, 0x0000016f7ef88600, 0x0000016f7ef34190, 0x0000016f7f2f0da0,
0x0000016f7f214e90, 0x0000016f7f284c20
}

Java Threads: ( => current thread )
  0x0000016f6deb57e0 JavaThread "main" [_thread_in_vm, id=8292, stack(0x0000000baaa00000,0x0000000baab00000)]
  0x0000016f7ef46170 JavaThread "Reference Handler" daemon [_thread_blocked, id=13760, stack(0x0000000bab100000,0x0000000bab200000)]
  0x0000016f7ef46fe0 JavaThread "Finalizer" daemon [_thread_blocked, id=932, stack(0x0000000bab200000,0x0000000bab300000)]
  0x0000016f7ef5ef00 JavaThread "Signal Dispatcher" daemon [_thread_blocked, id=10488, stack(0x0000000bab300000,0x0000000bab400000)]
  0x0000016f7ef60ac0 JavaThread "Attach Listener" daemon [_thread_blocked, id=11188, stack(0x0000000bab400000,0x0000000bab500000)]
  0x0000016f7ef63480 JavaThread "Service Thread" daemon [_thread_blocked, id=2536, stack(0x0000000bab500000,0x0000000bab600000)]
  0x0000016f7ef64240 JavaThread "Monitor Deflation Thread" daemon [_thread_blocked, id=19280, stack(0x0000000bab600000,0x0000000bab700000)]
  0x0000016f7ef6c360 JavaThread "C2 CompilerThread0" daemon [_thread_blocked, id=16268, stack(0x0000000bab700000,0x0000000bab800000)]
  0x0000016f7ef75120 JavaThread "C1 CompilerThread0" daemon [_thread_blocked, id=32, stack(0x0000000bab800000,0x0000000bab900000)]
  0x0000016f7ef88600 JavaThread "Sweeper thread" daemon [_thread_blocked, id=11328, stack(0x0000000bab900000,0x0000000baba00000)]
  0x0000016f7ef34190 JavaThread "Common-Cleaner" daemon [_thread_blocked, id=4544, stack(0x0000000baba00000,0x0000000babb00000)]
  0x0000016f7f2f0da0 JavaThread "Monitor Ctrl-Break" daemon [_thread_in_native, id=7736, stack(0x0000000babb00000,0x0000000babc00000)]
  0x0000016f7f214e90 JavaThread "Notification Thread" daemon [_thread_blocked, id=16152, stack(0x0000000babc00000,0x0000000babd00000)]
=>0x0000016f7f284c20 JavaThread "C2 CompilerThread1" daemon [_thread_in_native, id=19452, stack(0x0000000babe00000,0x0000000babf00000)]

Other Threads:
  0x0000016f7ef43670 VMThread "VM Thread" [stack: 0x0000000bab000000,0x0000000bab100000] [id=19048]
  0x0000016f7f215ff0 WatcherThread [stack: 0x0000000babd00000,0x0000000babe00000] [id=12680]
  0x0000016f6df0d6d0 GCTaskThread "GC Thread#0" [stack: 0x0000000baab00000,0x0000000baac00000] [id=7112]
  0x0000016f7f9f7ee0 GCTaskThread "GC Thread#1" [stack: 0x0000000babf00000,0x0000000bac000000] [id=3364]
  0x0000016f7f9f8190 GCTaskThread "GC Thread#2" [stack: 0x0000000bac000000,0x0000000bac100000] [id=1276]
  0x0000016f7f9f8440 GCTaskThread "GC Thread#3" [stack: 0x0000000bac100000,0x0000000bac200000] [id=19324]
  0x0000016f6df1a3e0 ConcurrentGCThread "G1 Main Marker" [stack: 0x0000000baac00000,0x0000000baad00000] [id=17104]
  0x0000016f6df1adf0 ConcurrentGCThread "G1 Conc#0" [stack: 0x0000000baad00000,0x0000000baae00000] [id=11152]
  0x0000016f7ee010b0 ConcurrentGCThread "G1 Refine#0" [stack: 0x0000000baae00000,0x0000000baaf00000] [id=13100]
  0x0000016f7f8d7600 ConcurrentGCThread "G1 Refine#1" [stack: 0x0000000bac200000,0x0000000bac300000] [id=17176]
  0x0000016f7ee01ad0 ConcurrentGCThread "G1 Service" [stack: 0x0000000baaf00000,0x0000000bab000000] [id=18600]

Threads with active compile tasks:
C2 CompilerThread1     1481 1083       4       jdk.internal.org.objectweb.asm.Frame::execute (2305 bytes)

VM state: not at safepoint (normal execution)

VM Mutex/Monitor currently owned by a thread:  ([mutex/lock_event])
[0x0000016f6deafb40] Metaspace_lock - owner thread: 0x0000016f6deb57e0

Heap address: 0x0000000742200000, size: 3038 MB, Compressed Oops mode: Zero based, Oop shift amount: 3

CDS archive(s) mapped at: [0x0000000800000000-0x0000000800bc0000-0x0000000800bc0000), size 12320768, SharedBaseAddress: 0x0000000800000000, ArchiveRelocationMode: 0.
Compressed class space mapped at: 0x0000000801000000-0x0000000841000000, reserved size: 1073741824
Narrow klass base: 0x0000000800000000, Narrow klass shift: 0, Narrow klass range: 0x100000000

GC Precious Log:
 CPUs: 4 total, 4 available
 Memory: 12148M
 Large Page Support: Disabled
 NUMA Support: Disabled
 Compressed Oops: Enabled (Zero based)
 Heap Region Size: 2M
 Heap Min Capacity: 8M
 Heap Initial Capacity: 190M
 Heap Max Capacity: 3038M
 Pre-touch: Disabled
 Parallel Workers: 4
 Concurrent Workers: 1
 Concurrent Refinement Workers: 4
 Periodic GC: Disabled

Heap:
 garbage-first heap   total 194560K, used 6327K [0x0000000742200000, 0x0000000800000000)
  region size 2048K, 3 young (6144K), 1 survivors (2048K)
 Metaspace       used 5842K, committed 6080K, reserved 1114112K
  class space    used 627K, committed 704K, reserved 1048576K

Heap Regions: E=young(eden), S=young(survivor), O=old, HS=humongous(starts), HC=humongous(continues), CS=collection set, F=free, OA=open archive, CA=closed archive, TAMS=top-at-mark-start (previous, next)
|   0|0x0000000742200000, 0x0000000742400000, 0x0000000742400000|100%| O|  |TAMS 0x0000000742200000, 0x0000000742200000| Untracked 
|   1|0x0000000742400000, 0x000000074242de00, 0x0000000742600000|  8%| O|  |TAMS 0x0000000742400000, 0x0000000742400000| Untracked 
|   2|0x0000000742600000, 0x0000000742600000, 0x0000000742800000|  0%| F|  |TAMS 0x0000000742600000, 0x0000000742600000| Untracked 
|   3|0x0000000742800000, 0x0000000742800000, 0x0000000742a00000|  0%| F|  |TAMS 0x0000000742800000, 0x0000000742800000| Untracked 
|   4|0x0000000742a00000, 0x0000000742a00000, 0x0000000742c00000|  0%| F|  |TAMS 0x0000000742a00000, 0x0000000742a00000| Untracked 
|   5|0x0000000742c00000, 0x0000000742c00000, 0x0000000742e00000|  0%| F|  |TAMS 0x0000000742c00000, 0x0000000742c00000| Untracked 
|   6|0x0000000742e00000, 0x0000000742e00000, 0x0000000743000000|  0%| F|  |TAMS 0x0000000742e00000, 0x0000000742e00000| Untracked 
|   7|0x0000000743000000, 0x0000000743000000, 0x0000000743200000|  0%| F|  |TAMS 0x0000000743000000, 0x0000000743000000| Untracked 
|   8|0x0000000743200000, 0x0000000743200000, 0x0000000743400000|  0%| F|  |TAMS 0x0000000743200000, 0x0000000743200000| Untracked 
|   9|0x0000000743400000, 0x0000000743400000, 0x0000000743600000|  0%| F|  |TAMS 0x0000000743400000, 0x0000000743400000| Untracked 
|  10|0x0000000743600000, 0x0000000743600000, 0x0000000743800000|  0%| F|  |TAMS 0x0000000743600000, 0x0000000743600000| Untracked 
|  11|0x0000000743800000, 0x0000000743800000, 0x0000000743a00000|  0%| F|  |TAMS 0x0000000743800000, 0x0000000743800000| Untracked 
|  12|0x0000000743a00000, 0x0000000743a00000, 0x0000000743c00000|  0%| F|  |TAMS 0x0000000743a00000, 0x0000000743a00000| Untracked 
|  13|0x0000000743c00000, 0x0000000743c00000, 0x0000000743e00000|  0%| F|  |TAMS 0x0000000743c00000, 0x0000000743c00000| Untracked 
|  14|0x0000000743e00000, 0x0000000743e00000, 0x0000000744000000|  0%| F|  |TAMS 0x0000000743e00000, 0x0000000743e00000| Untracked 
|  15|0x0000000744000000, 0x0000000744000000, 0x0000000744200000|  0%| F|  |TAMS 0x0000000744000000, 0x0000000744000000| Untracked 
|  16|0x0000000744200000, 0x0000000744200000, 0x0000000744400000|  0%| F|  |TAMS 0x0000000744200000, 0x0000000744200000| Untracked 
|  17|0x0000000744400000, 0x0000000744400000, 0x0000000744600000|  0%| F|  |TAMS 0x0000000744400000, 0x0000000744400000| Untracked 
|  18|0x0000000744600000, 0x0000000744600000, 0x0000000744800000|  0%| F|  |TAMS 0x0000000744600000, 0x0000000744600000| Untracked 
|  19|0x0000000744800000, 0x0000000744800000, 0x0000000744a00000|  0%| F|  |TAMS 0x0000000744800000, 0x0000000744800000| Untracked 
|  20|0x0000000744a00000, 0x0000000744a00000, 0x0000000744c00000|  0%| F|  |TAMS 0x0000000744a00000, 0x0000000744a00000| Untracked 
|  21|0x0000000744c00000, 0x0000000744c00000, 0x0000000744e00000|  0%| F|  |TAMS 0x0000000744c00000, 0x0000000744c00000| Untracked 
|  22|0x0000000744e00000, 0x0000000744e00000, 0x0000000745000000|  0%| F|  |TAMS 0x0000000744e00000, 0x0000000744e00000| Untracked 
|  23|0x0000000745000000, 0x0000000745000000, 0x0000000745200000|  0%| F|  |TAMS 0x0000000745000000, 0x0000000745000000| Untracked 
|  24|0x0000000745200000, 0x0000000745200000, 0x0000000745400000|  0%| F|  |TAMS 0x0000000745200000, 0x0000000745200000| Untracked 
|  25|0x0000000745400000, 0x0000000745400000, 0x0000000745600000|  0%| F|  |TAMS 0x0000000745400000, 0x0000000745400000| Untracked 
|  26|0x0000000745600000, 0x0000000745600000, 0x0000000745800000|  0%| F|  |TAMS 0x0000000745600000, 0x0000000745600000| Untracked 
|  27|0x0000000745800000, 0x0000000745800000, 0x0000000745a00000|  0%| F|  |TAMS 0x0000000745800000, 0x0000000745800000| Untracked 
|  28|0x0000000745a00000, 0x0000000745a00000, 0x0000000745c00000|  0%| F|  |TAMS 0x0000000745a00000, 0x0000000745a00000| Untracked 
|  29|0x0000000745c00000, 0x0000000745c00000, 0x0000000745e00000|  0%| F|  |TAMS 0x0000000745c00000, 0x0000000745c00000| Untracked 
|  30|0x0000000745e00000, 0x0000000745e00000, 0x0000000746000000|  0%| F|  |TAMS 0x0000000745e00000, 0x0000000745e00000| Untracked 
|  31|0x0000000746000000, 0x0000000746000000, 0x0000000746200000|  0%| F|  |TAMS 0x0000000746000000, 0x0000000746000000| Untracked 
|  32|0x0000000746200000, 0x0000000746200000, 0x0000000746400000|  0%| F|  |TAMS 0x0000000746200000, 0x0000000746200000| Untracked 
|  33|0x0000000746400000, 0x0000000746400000, 0x0000000746600000|  0%| F|  |TAMS 0x0000000746400000, 0x0000000746400000| Untracked 
|  34|0x0000000746600000, 0x0000000746600000, 0x0000000746800000|  0%| F|  |TAMS 0x0000000746600000, 0x0000000746600000| Untracked 
|  35|0x0000000746800000, 0x0000000746800000, 0x0000000746a00000|  0%| F|  |TAMS 0x0000000746800000, 0x0000000746800000| Untracked 
|  36|0x0000000746a00000, 0x0000000746a00000, 0x0000000746c00000|  0%| F|  |TAMS 0x0000000746a00000, 0x0000000746a00000| Untracked 
|  37|0x0000000746c00000, 0x0000000746c00000, 0x0000000746e00000|  0%| F|  |TAMS 0x0000000746c00000, 0x0000000746c00000| Untracked 
|  38|0x0000000746e00000, 0x0000000746e00000, 0x0000000747000000|  0%| F|  |TAMS 0x0000000746e00000, 0x0000000746e00000| Untracked 
|  39|0x0000000747000000, 0x0000000747000000, 0x0000000747200000|  0%| F|  |TAMS 0x0000000747000000, 0x0000000747000000| Untracked 
|  40|0x0000000747200000, 0x0000000747200000, 0x0000000747400000|  0%| F|  |TAMS 0x0000000747200000, 0x0000000747200000| Untracked 
|  41|0x0000000747400000, 0x0000000747400000, 0x0000000747600000|  0%| F|  |TAMS 0x0000000747400000, 0x0000000747400000| Untracked 
|  42|0x0000000747600000, 0x0000000747600000, 0x0000000747800000|  0%| F|  |TAMS 0x0000000747600000, 0x0000000747600000| Untracked 
|  43|0x0000000747800000, 0x0000000747800000, 0x0000000747a00000|  0%| F|  |TAMS 0x0000000747800000, 0x0000000747800000| Untracked 
|  44|0x0000000747a00000, 0x0000000747a00000, 0x0000000747c00000|  0%| F|  |TAMS 0x0000000747a00000, 0x0000000747a00000| Untracked 
|  45|0x0000000747c00000, 0x0000000747c00000, 0x0000000747e00000|  0%| F|  |TAMS 0x0000000747c00000, 0x0000000747c00000| Untracked 
|  46|0x0000000747e00000, 0x0000000747e00000, 0x0000000748000000|  0%| F|  |TAMS 0x0000000747e00000, 0x0000000747e00000| Untracked 
|  47|0x0000000748000000, 0x0000000748000000, 0x0000000748200000|  0%| F|  |TAMS 0x0000000748000000, 0x0000000748000000| Untracked 
|  48|0x0000000748200000, 0x0000000748200000, 0x0000000748400000|  0%| F|  |TAMS 0x0000000748200000, 0x0000000748200000| Untracked 
|  49|0x0000000748400000, 0x0000000748400000, 0x0000000748600000|  0%| F|  |TAMS 0x0000000748400000, 0x0000000748400000| Untracked 
|  50|0x0000000748600000, 0x0000000748600000, 0x0000000748800000|  0%| F|  |TAMS 0x0000000748600000, 0x0000000748600000| Untracked 
|  51|0x0000000748800000, 0x0000000748800000, 0x0000000748a00000|  0%| F|  |TAMS 0x0000000748800000, 0x0000000748800000| Untracked 
|  52|0x0000000748a00000, 0x0000000748a00000, 0x0000000748c00000|  0%| F|  |TAMS 0x0000000748a00000, 0x0000000748a00000| Untracked 
|  53|0x0000000748c00000, 0x0000000748c00000, 0x0000000748e00000|  0%| F|  |TAMS 0x0000000748c00000, 0x0000000748c00000| Untracked 
|  54|0x0000000748e00000, 0x0000000748e00000, 0x0000000749000000|  0%| F|  |TAMS 0x0000000748e00000, 0x0000000748e00000| Untracked 
|  55|0x0000000749000000, 0x0000000749000000, 0x0000000749200000|  0%| F|  |TAMS 0x0000000749000000, 0x0000000749000000| Untracked 
|  56|0x0000000749200000, 0x0000000749200000, 0x0000000749400000|  0%| F|  |TAMS 0x0000000749200000, 0x0000000749200000| Untracked 
|  57|0x0000000749400000, 0x0000000749400000, 0x0000000749600000|  0%| F|  |TAMS 0x0000000749400000, 0x0000000749400000| Untracked 
|  58|0x0000000749600000, 0x0000000749600000, 0x0000000749800000|  0%| F|  |TAMS 0x0000000749600000, 0x0000000749600000| Untracked 
|  59|0x0000000749800000, 0x0000000749800000, 0x0000000749a00000|  0%| F|  |TAMS 0x0000000749800000, 0x0000000749800000| Untracked 
|  60|0x0000000749a00000, 0x0000000749a00000, 0x0000000749c00000|  0%| F|  |TAMS 0x0000000749a00000, 0x0000000749a00000| Untracked 
|  61|0x0000000749c00000, 0x0000000749c00000, 0x0000000749e00000|  0%| F|  |TAMS 0x0000000749c00000, 0x0000000749c00000| Untracked 
|  62|0x0000000749e00000, 0x0000000749e00000, 0x000000074a000000|  0%| F|  |TAMS 0x0000000749e00000, 0x0000000749e00000| Untracked 
|  63|0x000000074a000000, 0x000000074a000000, 0x000000074a200000|  0%| F|  |TAMS 0x000000074a000000, 0x000000074a000000| Untracked 
|  64|0x000000074a200000, 0x000000074a200000, 0x000000074a400000|  0%| F|  |TAMS 0x000000074a200000, 0x000000074a200000| Untracked 
|  65|0x000000074a400000, 0x000000074a400000, 0x000000074a600000|  0%| F|  |TAMS 0x000000074a400000, 0x000000074a400000| Untracked 
|  66|0x000000074a600000, 0x000000074a600000, 0x000000074a800000|  0%| F|  |TAMS 0x000000074a600000, 0x000000074a600000| Untracked 
|  67|0x000000074a800000, 0x000000074a800000, 0x000000074aa00000|  0%| F|  |TAMS 0x000000074a800000, 0x000000074a800000| Untracked 
|  68|0x000000074aa00000, 0x000000074aa00000, 0x000000074ac00000|  0%| F|  |TAMS 0x000000074aa00000, 0x000000074aa00000| Untracked 
|  69|0x000000074ac00000, 0x000000074ac00000, 0x000000074ae00000|  0%| F|  |TAMS 0x000000074ac00000, 0x000000074ac00000| Untracked 
|  70|0x000000074ae00000, 0x000000074ae00000, 0x000000074b000000|  0%| F|  |TAMS 0x000000074ae00000, 0x000000074ae00000| Untracked 
|  71|0x000000074b000000, 0x000000074b000000, 0x000000074b200000|  0%| F|  |TAMS 0x000000074b000000, 0x000000074b000000| Untracked 
|  72|0x000000074b200000, 0x000000074b200000, 0x000000074b400000|  0%| F|  |TAMS 0x000000074b200000, 0x000000074b200000| Untracked 
|  73|0x000000074b400000, 0x000000074b400000, 0x000000074b600000|  0%| F|  |TAMS 0x000000074b400000, 0x000000074b400000| Untracked 
|  74|0x000000074b600000, 0x000000074b600000, 0x000000074b800000|  0%| F|  |TAMS 0x000000074b600000, 0x000000074b600000| Untracked 
|  75|0x000000074b800000, 0x000000074b800000, 0x000000074ba00000|  0%| F|  |TAMS 0x000000074b800000, 0x000000074b800000| Untracked 
|  76|0x000000074ba00000, 0x000000074ba00000, 0x000000074bc00000|  0%| F|  |TAMS 0x000000074ba00000, 0x000000074ba00000| Untracked 
|  77|0x000000074bc00000, 0x000000074bc00000, 0x000000074be00000|  0%| F|  |TAMS 0x000000074bc00000, 0x000000074bc00000| Untracked 
|  78|0x000000074be00000, 0x000000074be00000, 0x000000074c000000|  0%| F|  |TAMS 0x000000074be00000, 0x000000074be00000| Untracked 
|  79|0x000000074c000000, 0x000000074c000000, 0x000000074c200000|  0%| F|  |TAMS 0x000000074c000000, 0x000000074c000000| Untracked 
|  80|0x000000074c200000, 0x000000074c200000, 0x000000074c400000|  0%| F|  |TAMS 0x000000074c200000, 0x000000074c200000| Untracked 
|  81|0x000000074c400000, 0x000000074c400000, 0x000000074c600000|  0%| F|  |TAMS 0x000000074c400000, 0x000000074c400000| Untracked 
|  82|0x000000074c600000, 0x000000074c600000, 0x000000074c800000|  0%| F|  |TAMS 0x000000074c600000, 0x000000074c600000| Untracked 
|  83|0x000000074c800000, 0x000000074c800000, 0x000000074ca00000|  0%| F|  |TAMS 0x000000074c800000, 0x000000074c800000| Untracked 
|  84|0x000000074ca00000, 0x000000074ca00000, 0x000000074cc00000|  0%| F|  |TAMS 0x000000074ca00000, 0x000000074ca00000| Untracked 
|  85|0x000000074cc00000, 0x000000074cc00000, 0x000000074ce00000|  0%| F|  |TAMS 0x000000074cc00000, 0x000000074cc00000| Untracked 
|  86|0x000000074ce00000, 0x000000074ce00000, 0x000000074d000000|  0%| F|  |TAMS 0x000000074ce00000, 0x000000074ce00000| Untracked 
|  87|0x000000074d000000, 0x000000074d000000, 0x000000074d200000|  0%| F|  |TAMS 0x000000074d000000, 0x000000074d000000| Untracked 
|  88|0x000000074d200000, 0x000000074d400000, 0x000000074d400000|100%| S|CS|TAMS 0x000000074d200000, 0x000000074d200000| Complete 
|  89|0x000000074d400000, 0x000000074d400000, 0x000000074d600000|  0%| F|  |TAMS 0x000000074d400000, 0x000000074d400000| Untracked 
|  90|0x000000074d600000, 0x000000074d600000, 0x000000074d800000|  0%| F|  |TAMS 0x000000074d600000, 0x000000074d600000| Untracked 
|  91|0x000000074d800000, 0x000000074d800000, 0x000000074da00000|  0%| F|  |TAMS 0x000000074d800000, 0x000000074d800000| Untracked 
|  92|0x000000074da00000, 0x000000074da00000, 0x000000074dc00000|  0%| F|  |TAMS 0x000000074da00000, 0x000000074da00000| Untracked 
|  93|0x000000074dc00000, 0x000000074dc97d58, 0x000000074de00000| 29%| E|  |TAMS 0x000000074dc00000, 0x000000074dc00000| Complete 
|  94|0x000000074de00000, 0x000000074e000000, 0x000000074e000000|100%| E|CS|TAMS 0x000000074de00000, 0x000000074de00000| Complete 

Card table byte_map: [0x0000016f75fb0000,0x0000016f765a0000] _byte_map_base: 0x0000016f7259f000

Marking Bits (Prev, Next): (CMBitMap*) 0x0000016f6df0dce0, (CMBitMap*) 0x0000016f6df0dd20
 Prev Bits: [0x0000016f76b90000, 0x0000016f79b08000)
 Next Bits: [0x0000016f79b10000, 0x0000016f7ca88000)

Polling page: 0x0000016f6be40000

Metaspace:

Usage:
  Non-class:      5.09 MB used.
      Class:    627.84 KB used.
       Both:      5.71 MB used.

Virtual space:
  Non-class space:       64.00 MB reserved,       5.25 MB (  8%) committed,  1 nodes.
      Class space:        1.00 GB reserved,     704.00 KB ( <1%) committed,  1 nodes.
             Both:        1.06 GB reserved,       5.94 MB ( <1%) committed. 

Chunk freelists:
   Non-Class:  10.54 MB
       Class:  15.12 MB
        Both:  25.67 MB

MaxMetaspaceSize: unlimited
CompressedClassSpaceSize: 1.00 GB
Initial GC threshold: 21.00 MB
Current GC threshold: 21.00 MB
CDS: on
MetaspaceReclaimPolicy: balanced
 - commit_granule_bytes: 65536.
 - commit_granule_words: 8192.
 - virtual_space_node_default_size: 8388608.
 - enlarge_chunks_in_place: 1.
 - new_chunks_are_fully_committed: 0.
 - uncommit_free_chunks: 1.
 - use_allocation_guard: 0.
 - handle_deallocations: 1.


Internal statistics:

num_allocs_failed_limit: 0.
num_arena_births: 148.
num_arena_deaths: 0.
num_vsnodes_births: 2.
num_vsnodes_deaths: 0.
num_space_committed: 95.
num_space_uncommitted: 0.
num_chunks_returned_to_freelist: 0.
num_chunks_taken_from_freelist: 262.
num_chunk_merges: 0.
num_chunk_splits: 161.
num_chunks_enlarged: 94.
num_inconsistent_stats: 0.

CodeHeap 'non-profiled nmethods': size=120000Kb used=365Kb max_used=365Kb free=119634Kb
 bounds [0x0000016f07ad0000, 0x0000016f07d40000, 0x0000016f0f000000]
CodeHeap 'profiled nmethods': size=120000Kb used=2004Kb max_used=2004Kb free=117995Kb
 bounds [0x0000016f00000000, 0x0000016f00270000, 0x0000016f07530000]
CodeHeap 'non-nmethods': size=5760Kb used=1154Kb max_used=1182Kb free=4605Kb
 bounds [0x0000016f07530000, 0x0000016f077a0000, 0x0000016f07ad0000]
 total_blobs=1587 nmethods=1142 adapters=358
 compilation: enabled
              stopped_count=0, restarted_count=0
 full_count=0

Compilation events (20 events):
Event: 1.414 Thread 0x0000016f7ef75120 1127       3       java.lang.Class::getAnnotation (22 bytes)
Event: 1.415 Thread 0x0000016f7ef75120 nmethod 1127 0x0000016f001eb710 code [0x0000016f001eb8e0, 0x0000016f001ebd68]
Event: 1.415 Thread 0x0000016f7ef75120 1128       3       org.testng.internal.ClassHelper::appendMethod (28 bytes)
Event: 1.415 Thread 0x0000016f7ef75120 nmethod 1128 0x0000016f001ebf10 code [0x0000016f001ec100, 0x0000016f001ec658]
Event: 1.416 Thread 0x0000016f7ef75120 1129       3       org.testng.internal.ClassHelper$$Lambda$107/0x0000000801099388::apply (8 bytes)
Event: 1.416 Thread 0x0000016f7ef75120 nmethod 1129 0x0000016f001ec810 code [0x0000016f001eca00, 0x0000016f001ed098]
Event: 1.416 Thread 0x0000016f7ef75120 1130       3       java.lang.reflect.Method::getAnnotation (6 bytes)
Event: 1.417 Thread 0x0000016f7ef75120 nmethod 1130 0x0000016f001ed290 code [0x0000016f001ed4a0, 0x0000016f001edba8]
Event: 1.422 Thread 0x0000016f7ef75120 1131       3       org.testng.internal.annotations.JDK15AnnotationFinder::findAnnotation (68 bytes)
Event: 1.422 Thread 0x0000016f7ef75120 nmethod 1131 0x0000016f001ede10 code [0x0000016f001ee020, 0x0000016f001ee748]
Event: 1.422 Thread 0x0000016f7ef75120 1132   !   3       org.testng.internal.annotations.AnnotationHelper::getAnnotationFromMethod (68 bytes)
Event: 1.423 Thread 0x0000016f7ef75120 nmethod 1132 0x0000016f001eea10 code [0x0000016f001eece0, 0x0000016f001efa18]
Event: 1.424 Thread 0x0000016f7ef75120 1133       3       java.lang.reflect.Modifier::isAbstract (14 bytes)
Event: 1.424 Thread 0x0000016f7ef75120 nmethod 1133 0x0000016f001f0110 code [0x0000016f001f02a0, 0x0000016f001f03f8]
Event: 1.430 Thread 0x0000016f7ef75120 1135       3       java.util.stream.ReferencePipeline$StatelessOp::<init> (29 bytes)
Event: 1.430 Thread 0x0000016f7ef75120 nmethod 1135 0x0000016f001f0490 code [0x0000016f001f0640, 0x0000016f001f0808]
Event: 1.430 Thread 0x0000016f7ef75120 1136       3       java.util.stream.Sink$ChainedReference::<init> (16 bytes)
Event: 1.431 Thread 0x0000016f7ef75120 nmethod 1136 0x0000016f001f0910 code [0x0000016f001f0ae0, 0x0000016f001f0f28]
Event: 1.431 Thread 0x0000016f7ef75120 1137       3       java.util.stream.Sink$ChainedReference::end (10 bytes)
Event: 1.431 Thread 0x0000016f7ef75120 nmethod 1137 0x0000016f001f1090 code [0x0000016f001f1240, 0x0000016f001f1428]

GC Heap History (2 events):
Event: 1.185 GC heap before
{Heap before GC invocations=0 (full 0):
 garbage-first heap   total 194560K, used 10240K [0x0000000742200000, 0x0000000800000000)
  region size 2048K, 6 young (12288K), 0 survivors (0K)
 Metaspace       used 5233K, committed 5440K, reserved 1114112K
  class space    used 562K, committed 704K, reserved 1048576K
}
Event: 1.193 GC heap after
{Heap after GC invocations=1 (full 0):
 garbage-first heap   total 194560K, used 4279K [0x0000000742200000, 0x0000000800000000)
  region size 2048K, 1 young (2048K), 1 survivors (2048K)
 Metaspace       used 5233K, committed 5440K, reserved 1114112K
  class space    used 562K, committed 704K, reserved 1048576K
}

Dll operation events (10 events):
Event: 0.013 Loaded shared library C:\Users\iylia\.jdks\corretto-17.0.7\bin\java.dll
Event: 0.030 Loaded shared library C:\Users\iylia\.jdks\corretto-17.0.7\bin\jsvml.dll
Event: 0.237 Loaded shared library C:\Users\iylia\.jdks\corretto-17.0.7\bin\zip.dll
Event: 0.241 Loaded shared library C:\Users\iylia\.jdks\corretto-17.0.7\bin\instrument.dll
Event: 0.255 Loaded shared library C:\Users\iylia\.jdks\corretto-17.0.7\bin\net.dll
Event: 0.257 Loaded shared library C:\Users\iylia\.jdks\corretto-17.0.7\bin\nio.dll
Event: 0.265 Loaded shared library C:\Users\iylia\.jdks\corretto-17.0.7\bin\zip.dll
Event: 0.273 Loaded shared library C:\Program Files\JetBrains\IntelliJ IDEA Community Edition 2023.3.3\bin\breakgen64.dll
Event: 0.360 Loaded shared library C:\Users\iylia\.jdks\corretto-17.0.7\bin\verify.dll
Event: 0.372 Loaded shared library C:\Users\iylia\.jdks\corretto-17.0.7\bin\jimage.dll

Deoptimization events (20 events):
Event: 0.655 Thread 0x0000016f6deb57e0 Uncommon trap: trap_request=0xffffff45 fr.pc=0x0000016f07af10b8 relative=0x0000000000000298
Event: 0.655 Thread 0x0000016f6deb57e0 Uncommon trap: reason=unstable_if action=reinterpret pc=0x0000016f07af10b8 method=java.lang.String.startsWith(Ljava/lang/String;I)Z @ 14 c2
Event: 0.655 Thread 0x0000016f6deb57e0 DEOPT PACKING pc=0x0000016f07af10b8 sp=0x0000000baaafeb00
Event: 0.655 Thread 0x0000016f6deb57e0 DEOPT UNPACKING pc=0x0000016f075869a3 sp=0x0000000baaafea60 mode 2
Event: 0.792 Thread 0x0000016f6deb57e0 Uncommon trap: trap_request=0xffffff45 fr.pc=0x0000016f07ae6ee4 relative=0x0000000000000064
Event: 0.792 Thread 0x0000016f6deb57e0 Uncommon trap: reason=unstable_if action=reinterpret pc=0x0000016f07ae6ee4 method=java.io.WinNTFileSystem.isSlash(C)Z @ 9 c2
Event: 0.792 Thread 0x0000016f6deb57e0 DEOPT PACKING pc=0x0000016f07ae6ee4 sp=0x0000000baaafdaf0
Event: 0.792 Thread 0x0000016f6deb57e0 DEOPT UNPACKING pc=0x0000016f075869a3 sp=0x0000000baaafda78 mode 2
Event: 0.832 Thread 0x0000016f6deb57e0 Uncommon trap: trap_request=0xffffff45 fr.pc=0x0000016f07af9f54 relative=0x0000000000000234
Event: 0.832 Thread 0x0000016f6deb57e0 Uncommon trap: reason=unstable_if action=reinterpret pc=0x0000016f07af9f54 method=java.lang.String.startsWith(Ljava/lang/String;I)Z @ 1 c2
Event: 0.832 Thread 0x0000016f6deb57e0 DEOPT PACKING pc=0x0000016f07af9f54 sp=0x0000000baaafc6d0
Event: 0.832 Thread 0x0000016f6deb57e0 DEOPT UNPACKING pc=0x0000016f075869a3 sp=0x0000000baaafc638 mode 2
Event: 1.234 Thread 0x0000016f6deb57e0 Uncommon trap: trap_request=0xffffffde fr.pc=0x0000016f07b16094 relative=0x0000000000001374
Event: 1.234 Thread 0x0000016f6deb57e0 Uncommon trap: reason=class_check action=maybe_recompile pc=0x0000016f07b16094 method=java.util.HashMap.putVal(ILjava/lang/Object;Ljava/lang/Object;ZZ)Ljava/lang/Object; @ 91 c2
Event: 1.234 Thread 0x0000016f6deb57e0 DEOPT PACKING pc=0x0000016f07b16094 sp=0x0000000baaafe290
Event: 1.234 Thread 0x0000016f6deb57e0 DEOPT UNPACKING pc=0x0000016f075869a3 sp=0x0000000baaafe1d0 mode 2
Event: 1.234 Thread 0x0000016f6deb57e0 Uncommon trap: trap_request=0xffffffde fr.pc=0x0000016f07b16094 relative=0x0000000000001374
Event: 1.234 Thread 0x0000016f6deb57e0 Uncommon trap: reason=class_check action=maybe_recompile pc=0x0000016f07b16094 method=java.util.HashMap.putVal(ILjava/lang/Object;Ljava/lang/Object;ZZ)Ljava/lang/Object; @ 91 c2
Event: 1.234 Thread 0x0000016f6deb57e0 DEOPT PACKING pc=0x0000016f07b16094 sp=0x0000000baaafe290
Event: 1.234 Thread 0x0000016f6deb57e0 DEOPT UNPACKING pc=0x0000016f075869a3 sp=0x0000000baaafe1d0 mode 2

Classes unloaded (0 events):
No events

Classes redefined (0 events):
No events

Internal exceptions (20 events):
Event: 0.295 Thread 0x0000016f7f2f0da0 Exception <a 'java/lang/NoSuchMethodError'{0x000000074dffb6d0}: 'void java.lang.invoke.DirectMethodHandle$Holder.invokeStatic(java.lang.Object, java.lang.Object)'> (0x000000074dffb6d0) 
thrown [s\src\hotspot\share\interpreter\linkResolver.cpp, line 759]
Event: 0.295 Thread 0x0000016f6deb57e0 Exception <a 'java/lang/NoSuchMethodError'{0x000000074dfd4868}: 'void java.lang.invoke.DirectMethodHandle$Holder.invokeStatic(java.lang.Object, java.lang.Object)'> (0x000000074dfd4868) 
thrown [s\src\hotspot\share\interpreter\linkResolver.cpp, line 759]
Event: 0.487 Thread 0x0000016f6deb57e0 Exception <a 'java/lang/NoClassDefFoundError'{0x000000074da3a0f0}: org/slf4j/impl/StaticLoggerBinder> (0x000000074da3a0f0) 
thrown [s\src\hotspot\share\classfile\systemDictionary.cpp, line 245]
Event: 0.522 Thread 0x0000016f6deb57e0 Exception <a 'java/lang/NoSuchMethodError'{0x000000074db78ee8}: 'int java.lang.invoke.DirectMethodHandle$Holder.invokeStaticInit(java.lang.Object, java.lang.Object)'> (0x000000074db78ee8) 
thrown [s\src\hotspot\share\interpreter\linkResolver.cpp, line 759]
Event: 0.670 Thread 0x0000016f6deb57e0 Exception <a 'java/lang/NoSuchMethodError'{0x000000074d906fe8}: 'void java.lang.invoke.DirectMethodHandle$Holder.invokeVirtual(java.lang.Object, java.lang.Object, int)'> (0x000000074d906fe8) 
thrown [s\src\hotspot\share\interpreter\linkResolver.cpp, line 759]
Event: 0.674 Thread 0x0000016f6deb57e0 Exception <a 'java/lang/NoSuchMethodError'{0x000000074d90fd40}: 'void java.lang.invoke.DirectMethodHandle$Holder.invokeSpecial(java.lang.Object, java.lang.Object, java.lang.Object)'> (0x000000074d90fd40) 
thrown [s\src\hotspot\share\interpreter\linkResolver.cpp, line 759]
Event: 0.679 Thread 0x0000016f6deb57e0 Exception <a 'java/lang/NoSuchMethodError'{0x000000074d928208}: 'int java.lang.invoke.DirectMethodHandle$Holder.invokeSpecial(java.lang.Object, java.lang.Object, java.lang.Object)'> (0x000000074d928208) 
thrown [s\src\hotspot\share\interpreter\linkResolver.cpp, line 759]
Event: 0.773 Thread 0x0000016f6deb57e0 Exception <a 'java/lang/ClassNotFoundException'{0x000000074d605998}: com/sun/org/apache/xerces/internal/impl/msg/spi/SAXMessagesProvider> (0x000000074d605998) 
thrown [s\src\hotspot\share\classfile\systemDictionary.cpp, line 256]
Event: 0.854 Thread 0x0000016f6deb57e0 Exception <a 'java/lang/NoSuchMethodError'{0x000000074d6c4560}: 'java.lang.Object java.lang.invoke.DirectMethodHandle$Holder.invokeStaticInit(java.lang.Object, int, int, int, int)'> (0x000000074d6c4560) 
thrown [s\src\hotspot\share\interpreter\linkResolver.cpp, line 759]
Event: 0.979 Thread 0x0000016f6deb57e0 Exception <a 'java/lang/NoSuchMethodError'{0x000000074d769168}: 'java.lang.Object java.lang.invoke.DirectMethodHandle$Holder.invokeStaticInit(java.lang.Object, java.lang.Object, int, int, int, int)'> (0x000000074d769168) 
thrown [s\src\hotspot\share\interpreter\linkResolver.cpp, line 759]
Event: 1.091 Thread 0x0000016f6deb57e0 Exception <a 'java/lang/NoSuchMethodError'{0x000000074d4c3ce8}: 'void java.lang.invoke.DirectMethodHandle$Holder.invokeStatic(java.lang.Object, java.lang.Object, java.lang.Object, java.lang.Object)'> (0x000000074d4c3ce8) 
thrown [s\src\hotspot\share\interpreter\linkResolver.cpp, line 759]
Event: 1.117 Thread 0x0000016f6deb57e0 Exception <a 'java/lang/NoSuchMethodError'{0x000000074d5139c8}: 'int java.lang.invoke.DirectMethodHandle$Holder.invokeVirtual(java.lang.Object, java.lang.Object)'> (0x000000074d5139c8) 
thrown [s\src\hotspot\share\interpreter\linkResolver.cpp, line 759]
Event: 1.119 Thread 0x0000016f6deb57e0 Exception <a 'java/lang/NoSuchMethodError'{0x000000074d51dbe0}: 'java.lang.Object java.lang.invoke.Invokers$Holder.invokeExact_MT(java.lang.Object, java.lang.Object, java.lang.Object, java.lang.Object, java.lang.Object, java.lang.Object)'> (0x000000074d51dbe0) 
thrown [s\src\hotspot\share\interpreter\linkResolver.cpp, line 759]
Event: 1.144 Thread 0x0000016f6deb57e0 Exception <a 'java/lang/NoSuchMethodError'{0x000000074d588038}: 'java.lang.Object java.lang.invoke.DirectMethodHandle$Holder.invokeSpecial(java.lang.Object, java.lang.Object, java.lang.Object, int, java.lang.Object)'> (0x000000074d588038) 
thrown [s\src\hotspot\share\interpreter\linkResolver.cpp, line 759]
Event: 1.174 Thread 0x0000016f6deb57e0 Exception <a 'java/lang/NoSuchMethodError'{0x000000074d5c8450}: 'int java.lang.invoke.DirectMethodHandle$Holder.invokeStaticInit(java.lang.Object, java.lang.Object, java.lang.Object)'> (0x000000074d5c8450) 
thrown [s\src\hotspot\share\interpreter\linkResolver.cpp, line 759]
Event: 1.282 Thread 0x0000016f6deb57e0 Exception <a 'java/lang/NoSuchMethodError'{0x000000074df4cbf8}: 'java.lang.Object java.lang.invoke.DirectMethodHandle$Holder.invokeInterface(java.lang.Object, java.lang.Object)'> (0x000000074df4cbf8) 
thrown [s\src\hotspot\share\interpreter\linkResolver.cpp, line 759]
Event: 1.282 Thread 0x0000016f6deb57e0 Exception <a 'java/lang/IncompatibleClassChangeError'{0x000000074df50650}: Found class java.lang.Object, but interface was expected> (0x000000074df50650) 
thrown [s\src\hotspot\share\interpreter\linkResolver.cpp, line 826]
Event: 1.295 Thread 0x0000016f6deb57e0 Exception <a 'java/lang/NoSuchMethodError'{0x000000074df686c8}: 'java.lang.Object java.lang.invoke.DirectMethodHandle$Holder.invokeSpecial(java.lang.Object, java.lang.Object, java.lang.Object, java.lang.Object, java.lang.Object, java.lang.Object, java.lang.Object, java.lang.Object, java.lang.Object, java.lang.Object)'> (0x000000074df686c8) 
thrown [s\src\hotspot\share\interpreter\linkResolver.cpp, line 759]
Event: 1.300 Thread 0x0000016f6deb57e0 Exception <a 'java/lang/NoSuchMethodError'{0x000000074df73470}: 'java.lang.Object java.lang.invoke.DirectMethodHandle$Holder.newInvokeSpecial(java.lang.Object, java.lang.Object, java.lang.Object, java.lang.Object, java.lang.Object, java.lang.Object, java.lang.Object, java.lang.Object, java.lang.Object)'> (0x000000074df73470) 
thrown [s\src\hotspot\share\interpreter\linkResolver.cpp, line 759]
Event: 1.301 Thread 0x0000016f6deb57e0 Exception <a 'java/lang/NoSuchMethodError'{0x000000074df78a50}: 'java.lang.Object java.lang.invoke.Invokers$Holder.linkToTargetMethod(java.lang.Object, java.lang.Object, java.lang.Object, java.lang.Object, java.lang.Object, java.lang.Object, java.lang.Object, java.lang.Object, java.lang.Object)'> (0x000000074df78a50) 
thrown [s\src\hotspot\share\interpreter\linkResolver.cpp, line 759]

VM Operations (14 events):
Event: 0.207 Executing VM operation: HandshakeAllThreads
Event: 0.207 Executing VM operation: HandshakeAllThreads done
Event: 0.279 Executing VM operation: HandshakeAllThreads
Event: 0.279 Executing VM operation: HandshakeAllThreads done
Event: 0.566 Executing VM operation: HandshakeAllThreads
Event: 0.566 Executing VM operation: HandshakeAllThreads done
Event: 0.757 Executing VM operation: HandshakeAllThreads
Event: 0.757 Executing VM operation: HandshakeAllThreads done
Event: 0.792 Executing VM operation: HandshakeAllThreads
Event: 0.792 Executing VM operation: HandshakeAllThreads done
Event: 0.830 Executing VM operation: HandshakeAllThreads
Event: 0.830 Executing VM operation: HandshakeAllThreads done
Event: 1.185 Executing VM operation: G1CollectForAllocation
Event: 1.193 Executing VM operation: G1CollectForAllocation done

Events (20 events):
Event: 1.238 loading class java/util/stream/Nodes$EmptyNode$OfDouble
Event: 1.238 loading class java/util/stream/Node$OfDouble
Event: 1.239 loading class java/util/stream/Node$OfDouble done
Event: 1.239 loading class java/util/stream/Nodes$EmptyNode$OfDouble done
Event: 1.239 loading class java/util/stream/Nodes$SpinedNodeBuilder
Event: 1.239 loading class java/util/stream/Node$Builder
Event: 1.239 loading class java/util/stream/Node$Builder done
Event: 1.239 loading class java/util/stream/SpinedBuffer
Event: 1.239 loading class java/util/stream/AbstractSpinedBuffer
Event: 1.239 loading class java/util/stream/AbstractSpinedBuffer done
Event: 1.239 loading class java/util/stream/SpinedBuffer done
Event: 1.239 loading class java/util/stream/Nodes$SpinedNodeBuilder done
Event: 1.241 loading class java/lang/TypeNotPresentException
Event: 1.241 loading class java/lang/TypeNotPresentException done
Event: 1.318 loading class java/lang/Package$1PackageInfoProxy
Event: 1.318 loading class java/lang/Package$1PackageInfoProxy done
Event: 1.321 loading class java/lang/annotation/Documented
Event: 1.321 loading class java/lang/annotation/Documented done
Event: 1.376 loading class jdk/internal/vm/annotation/IntrinsicCandidate
Event: 1.379 loading class jdk/internal/vm/annotation/IntrinsicCandidate done


Dynamic libraries:
0x00007ff779360000 - 0x00007ff77936d000 	C:\Users\iylia\.jdks\corretto-17.0.7\bin\java.exe
0x00007ffc750d0000 - 0x00007ffc752c8000 	C:\Windows\SYSTEM32\ntdll.dll
0x00007ffc744f0000 - 0x00007ffc745b2000 	C:\Windows\System32\KERNEL32.DLL
0x00007ffc72d60000 - 0x00007ffc7305e000 	C:\Windows\System32\KERNELBASE.dll
0x00007ffc72ae0000 - 0x00007ffc72be0000 	C:\Windows\System32\ucrtbase.dll
0x00007ffc6aac0000 - 0x00007ffc6aad5000 	C:\Users\iylia\.jdks\corretto-17.0.7\bin\VCRUNTIME140.dll
0x00007ffc6e7c0000 - 0x00007ffc6e7d7000 	C:\Users\iylia\.jdks\corretto-17.0.7\bin\jli.dll
0x00007ffc74a60000 - 0x00007ffc74bfd000 	C:\Windows\System32\USER32.dll
0x00007ffc72ab0000 - 0x00007ffc72ad2000 	C:\Windows\System32\win32u.dll
0x00007ffc5fb80000 - 0x00007ffc5fe1a000 	C:\Windows\WinSxS\amd64_microsoft.windows.common-controls_6595b64144ccf1df_6.0.19041.4355_none_60b8b9eb71f62e16\COMCTL32.dll
0x00007ffc74920000 - 0x00007ffc7494b000 	C:\Windows\System32\GDI32.dll
0x00007ffc74370000 - 0x00007ffc7440e000 	C:\Windows\System32\msvcrt.dll
0x00007ffc728d0000 - 0x00007ffc729e7000 	C:\Windows\System32\gdi32full.dll
0x00007ffc72be0000 - 0x00007ffc72c7d000 	C:\Windows\System32\msvcp_win.dll
0x00007ffc73b40000 - 0x00007ffc73b6f000 	C:\Windows\System32\IMM32.DLL
0x00007ffc55a60000 - 0x00007ffc55afb000 	C:\Users\iylia\.jdks\corretto-17.0.7\bin\msvcp140.dll
0x00007ffc3de00000 - 0x00007ffc3ea1a000 	C:\Users\iylia\.jdks\corretto-17.0.7\bin\server\jvm.dll
0x00007ffc746a0000 - 0x00007ffc74751000 	C:\Windows\System32\ADVAPI32.dll
0x00007ffc749c0000 - 0x00007ffc74a5f000 	C:\Windows\System32\sechost.dll
0x00007ffc73d20000 - 0x00007ffc73e43000 	C:\Windows\System32\RPCRT4.dll
0x00007ffc72d30000 - 0x00007ffc72d57000 	C:\Windows\System32\bcrypt.dll
0x00007ffc5e540000 - 0x00007ffc5e567000 	C:\Windows\SYSTEM32\WINMM.dll
0x00007ffc5d4f0000 - 0x00007ffc5d4f9000 	C:\Windows\SYSTEM32\WSOCK32.dll
0x00007ffc73cb0000 - 0x00007ffc73d1b000 	C:\Windows\System32\WS2_32.dll
0x00007ffc65d50000 - 0x00007ffc65d5a000 	C:\Windows\SYSTEM32\VERSION.dll
0x00007ffc70fa0000 - 0x00007ffc70fb2000 	C:\Windows\SYSTEM32\kernel.appcore.dll
0x00007ffc6f510000 - 0x00007ffc6f51a000 	C:\Users\iylia\.jdks\corretto-17.0.7\bin\jimage.dll
0x00007ffc70d40000 - 0x00007ffc70f24000 	C:\Windows\SYSTEM32\DBGHELP.DLL
0x00007ffc60ae0000 - 0x00007ffc60b14000 	C:\Windows\SYSTEM32\dbgcore.DLL
0x00007ffc73060000 - 0x00007ffc730e2000 	C:\Windows\System32\bcryptPrimitives.dll
0x00007ffc6a3f0000 - 0x00007ffc6a3fe000 	C:\Users\iylia\.jdks\corretto-17.0.7\bin\instrument.dll
0x00007ffc6a1f0000 - 0x00007ffc6a215000 	C:\Users\iylia\.jdks\corretto-17.0.7\bin\java.dll
0x00007ffc55980000 - 0x00007ffc55a56000 	C:\Users\iylia\.jdks\corretto-17.0.7\bin\jsvml.dll
0x00007ffc733d0000 - 0x00007ffc73b3d000 	C:\Windows\System32\SHELL32.dll
0x00007ffc704c0000 - 0x00007ffc70c64000 	C:\Windows\SYSTEM32\windows.storage.dll
0x00007ffc74c00000 - 0x00007ffc74f53000 	C:\Windows\System32\combase.dll
0x00007ffc71ff0000 - 0x00007ffc7201e000 	C:\Windows\SYSTEM32\Wldp.dll
0x00007ffc745d0000 - 0x00007ffc7469d000 	C:\Windows\System32\OLEAUT32.dll
0x00007ffc73e50000 - 0x00007ffc73efd000 	C:\Windows\System32\SHCORE.dll
0x00007ffc74960000 - 0x00007ffc749b5000 	C:\Windows\System32\shlwapi.dll
0x00007ffc726a0000 - 0x00007ffc726c4000 	C:\Windows\SYSTEM32\profapi.dll
0x00007ffc69de0000 - 0x00007ffc69df8000 	C:\Users\iylia\.jdks\corretto-17.0.7\bin\zip.dll
0x00007ffc6a270000 - 0x00007ffc6a289000 	C:\Users\iylia\.jdks\corretto-17.0.7\bin\net.dll
0x00007ffc6b530000 - 0x00007ffc6b63d000 	C:\Windows\SYSTEM32\WINHTTP.dll
0x00007ffc71dd0000 - 0x00007ffc71e3a000 	C:\Windows\system32\mswsock.dll
0x00007ffc69e00000 - 0x00007ffc69e15000 	C:\Users\iylia\.jdks\corretto-17.0.7\bin\nio.dll
0x00007ffc69be0000 - 0x00007ffc69bfa000 	C:\Program Files\JetBrains\IntelliJ IDEA Community Edition 2023.3.3\bin\breakgen64.dll
0x00007ffc6a3e0000 - 0x00007ffc6a3f0000 	C:\Users\iylia\.jdks\corretto-17.0.7\bin\verify.dll
0x00007ffc72030000 - 0x00007ffc72048000 	C:\Windows\SYSTEM32\CRYPTSP.dll
0x00007ffc71710000 - 0x00007ffc71744000 	C:\Windows\system32\rsaenh.dll
0x00007ffc72660000 - 0x00007ffc7268e000 	C:\Windows\SYSTEM32\USERENV.dll
0x00007ffc71f60000 - 0x00007ffc71f6c000 	C:\Windows\SYSTEM32\CRYPTBASE.dll
0x00007ffc71ad0000 - 0x00007ffc71b0b000 	C:\Windows\SYSTEM32\IPHLPAPI.DLL
0x00007ffc745c0000 - 0x00007ffc745c8000 	C:\Windows\System32\NSI.dll
0x00007ffc6c450000 - 0x00007ffc6c467000 	C:\Windows\SYSTEM32\dhcpcsvc6.DLL
0x00007ffc6c430000 - 0x00007ffc6c44d000 	C:\Windows\SYSTEM32\dhcpcsvc.DLL
0x00007ffc71b10000 - 0x00007ffc71bda000 	C:\Windows\SYSTEM32\DNSAPI.dll

dbghelp: loaded successfully - version: 4.0.5 - missing functions: none
symbol engine: initialized successfully - sym options: 0x614 - pdb path: .;C:\Users\iylia\.jdks\corretto-17.0.7\bin;C:\Windows\SYSTEM32;C:\Windows\WinSxS\amd64_microsoft.windows.common-controls_6595b64144ccf1df_6.0.19041.4355_none_60b8b9eb71f62e16;C:\Users\iylia\.jdks\corretto-17.0.7\bin\server;C:\Program Files\JetBrains\IntelliJ IDEA Community Edition 2023.3.3\bin

VM Arguments:
jvm_args: -ea -Didea.test.cyclic.buffer.size=1048576 -javaagent:C:\Program Files\JetBrains\IntelliJ IDEA Community Edition 2023.3.3\lib\idea_rt.jar=54839:C:\Program Files\JetBrains\IntelliJ IDEA Community Edition 2023.3.3\bin -Dfile.encoding=UTF-8 
java_command: com.intellij.rt.testng.RemoteTestNGStarter -usedefaultlisteners false -socket54838 @w@C:\Users\iylia\AppData\Local\Temp\idea_working_dirs_testng.tmp -temp C:\Users\iylia\AppData\Local\Temp\idea_testng.tmp
java_class_path (initial): C:\Program Files\JetBrains\IntelliJ IDEA Community Edition 2023.3.3\lib\idea_rt.jar;C:\Program Files\JetBrains\IntelliJ IDEA Community Edition 2023.3.3\plugins\testng\lib\testng-rt.jar;C:\Disk D\RedRover.shools\JenkinsQA_2024_fall\target\test-classes;C:\Users\iylia\.m2\repository\org\testng\testng\7.10.2\testng-7.10.2.jar;C:\Users\iylia\.m2\repository\org\slf4j\slf4j-api\1.7.36\slf4j-api-1.7.36.jar;C:\Users\iylia\.m2\repository\com\beust\jcommander\1.82\jcommander-1.82.jar;C:\Users\iylia\.m2\repository\org\webjars\jquery\3.7.1\jquery-3.7.1.jar;C:\Users\iylia\.m2\repository\org\seleniumhq\selenium\selenium-java\4.26.0\selenium-java-4.26.0.jar;C:\Users\iylia\.m2\repository\org\seleniumhq\selenium\selenium-api\4.26.0\selenium-api-4.26.0.jar;C:\Users\iylia\.m2\repository\org\jspecify\jspecify\1.0.0\jspecify-1.0.0.jar;C:\Users\iylia\.m2\repository\org\seleniumhq\selenium\selenium-chrome-driver\4.26.0\selenium-chrome-driver-4.26.0.jar;C:\Users\iylia\.m2\repository\com\google\auto\service\auto-service-annotations\1.1.1\auto-service-annotations-1.1.1.jar;C:\Users\iylia\.m2\repository\org\seleniumhq\selenium\selenium-chromium-driver\4.26.0\selenium-chromium-driver-4.26.0.jar;C:\Users\iylia\.m2\repository\org\seleniumhq\selenium\selenium-json\4.26.0\selenium-json-4.26.0.jar;C:\Users\iylia\.m2\repository\org\seleniumhq\selenium\selenium-manager\4.26.0\selenium-manager-4.26.0.jar;C:\Users\iylia\.m2\repository\org\seleniumhq\selenium\selenium-devtools-v128\4.26.0\selenium-devtools-v128-4.26.0.jar;C:\Users\iylia\.m2\repository\org\seleniumhq\selenium\selenium-devtools-v129\4.26.0\selenium-devtools-v129-4.26.0.jar;C:\Users\iylia\.m2\repository\org\seleniumhq\selenium\selenium-devtools-v130\4.26.0\selenium-devtools-v130-4.26.0.jar;C:\Users\iylia\.m2\repository\org\seleniumhq\selenium\selenium-devtools-v85\4.26.0\selenium-devtools-v85-4.26.0.jar;C:\Users\iylia\.m2\repository\org\seleniumhq\selenium\selenium-edge-driver\4.26.0\selenium-edge-driver-4.26.0.
Launcher Type: SUN_STANDARD

[Global flags]
     intx CICompilerCount                          = 3                                         {product} {ergonomic}
     uint ConcGCThreads                            = 1                                         {product} {ergonomic}
     uint G1ConcRefinementThreads                  = 4                                         {product} {ergonomic}
   size_t G1HeapRegionSize                         = 2097152                                   {product} {ergonomic}
    uintx GCDrainStackTargetSize                   = 64                                        {product} {ergonomic}
   size_t InitialHeapSize                          = 199229440                                 {product} {ergonomic}
   size_t MarkStackSize                            = 4194304                                   {product} {ergonomic}
   size_t MaxHeapSize                              = 3185573888                                {product} {ergonomic}
   size_t MaxNewSize                               = 1910505472                                {product} {ergonomic}
   size_t MinHeapDeltaBytes                        = 2097152                                   {product} {ergonomic}
   size_t MinHeapSize                              = 8388608                                   {product} {ergonomic}
    uintx NonNMethodCodeHeapSize                   = 5832780                                {pd product} {ergonomic}
    uintx NonProfiledCodeHeapSize                  = 122912730                              {pd product} {ergonomic}
    uintx ProfiledCodeHeapSize                     = 122912730                              {pd product} {ergonomic}
    uintx ReservedCodeCacheSize                    = 251658240                              {pd product} {ergonomic}
     bool SegmentedCodeCache                       = true                                      {product} {ergonomic}
   size_t SoftMaxHeapSize                          = 3185573888                             {manageable} {ergonomic}
     bool UseCompressedClassPointers               = true                           {product lp64_product} {ergonomic}
     bool UseCompressedOops                        = true                           {product lp64_product} {ergonomic}
     bool UseG1GC                                  = true                                      {product} {ergonomic}
     bool UseLargePagesIndividualAllocation        = false                                  {pd product} {ergonomic}

Logging:
Log output configuration:
 #0: stdout all=warning uptime,level,tags
 #1: stderr all=off uptime,level,tags

Environment Variables:
PATH=C:\Program Files\Microsoft\jdk-11.0.12.7-hotspot\bin;C:\Program Files (x86)\Common Files\Oracle\Java\javapath;C:\Python310\Scripts\;C:\Python310\;C:\Windows\system32;C:\Windows;C:\Windows\System32\Wbem;C:\Windows\System32\WindowsPowerShell\v1.0\;C:\Windows\System32\OpenSSH\;C:\Program Files\Microsoft VS Code\bin;C:\ProgramData\chocolatey\bin;C:\Program Files\dotnet\;C:\xampp\php;C:\ProgramData\ComposerSetup\bin;C:\Program Files\Docker\Docker\resources\bin;C:\Program Files\nodejs\;C:\Program Files\Git\cmd;C:\Program Files\apache-maven-3.9.8\bin;C:\Users\iylia\.jdks\corretto-17.0.7\bin;C:\Program Files\Microsoft\jdk-11.0.12.7-hotspot\bin;C:\Program Files\allure-2.30.0\bin;C:\Program Files\MySQL\MySQL Shell 8.0\bin\;C:\Users\iylia\AppData\Local\Programs\Python\Python311\Scripts\;C:\Users\iylia\AppData\Local\Programs\Python\Python311\;C:\Users\iylia\AppData\Local\Microsoft\WindowsApps;C:\Users\iylia\AppData\Local\Programs\Hyper\resources\bin;C:\chromedriver;C:\Users\iylia\.dotnet\tools;C:\Users\iylia\AppData\Roaming\Composer\vendor\bin;C:\Program Files\JetBrains\PyCharm Community Edition 2023.3\bin;;C:\Users\iylia\AppData\Roaming\npm
USERNAME=Roman
OS=Windows_NT
PROCESSOR_IDENTIFIER=Intel64 Family 6 Model 58 Stepping 9, GenuineIntel
TMP=C:\Users\iylia\AppData\Local\Temp
TEMP=C:\Users\iylia\AppData\Local\Temp



---------------  S Y S T E M  ---------------

OS:
 Windows 10 , 64 bit Build 19041 (10.0.19041.5072)
OS uptime: 8 days 20:03 hours
Hyper-V role detected

CPU: total 4 (initial active 4) (2 cores per cpu, 2 threads per core) family 6 model 58 stepping 9 microcode 0x21, cx8, cmov, fxsr, ht, mmx, sse, sse2, sse3, ssse3, sse4.1, sse4.2, popcnt, tsc, tscinvbit, avx, aes, erms, clmul, vzeroupper, clflush, hv

Memory: 4k page, system-wide physical 12148M (1337M free)
TotalPageFile size 14562M (AvailPageFile size 3M)
current process WorkingSet (physical memory assigned to process): 72M, peak: 72M
current process commit charge ("private bytes"): 285M, peak: 286M

vm_info: OpenJDK 64-Bit Server VM (17.0.7+7-LTS) for windows-amd64 JRE (17.0.7+7-LTS), built on Apr 14 2023 01:39:21 by "Administrator" with MS VC++ 15.9 (VS2017)

END.
